Jun 24, 2020 4:17:43 PM Main_2.ActivityLog activityLog
INFO: ------------------------
Human id=1
Slot 1=Home
Slot 2=Home
Slot 3=Police Station
Slot 4=Police Station
Slot 5=Police Station
Slot 6=Police Station
Slot 7=Police Station
Slot 8=Police Station
Slot 9=Shop Lot
Slot 10=Home

Jun 24, 2020 4:17:43 PM Main_2.ActivityLog activityLog
INFO: ------------------------
Human id=2
Slot 1=Home
Slot 2=Home
Slot 3=School
Slot 4=School
Slot 5=School
Slot 6=Home
Slot 7=Home
Slot 8=Home
Slot 9=Home
Slot 10=Home

Jun 24, 2020 4:17:43 PM Main_2.ActivityLog activityLog
INFO: ------------------------
Human id=3
Slot 1=Home
Slot 2=Food Court
Slot 3=Heathcare Centre
Slot 4=Heathcare Centre
Slot 5=Shop Lot
Slot 6=Home
Slot 7=Home
Slot 8=Home
Slot 9=Shop Lot
Slot 10=Home

Jun 24, 2020 4:17:43 PM Main_2.ActivityLog activityLog
INFO: ------------------------
Human id=4
Slot 1=Home
Slot 2=Food Court
Slot 3=Food Court
Slot 4=Food Court
Slot 5=Food Court
Slot 6=Food Court
Slot 7=Food Court
Slot 8=Food Court
Slot 9=Home
Slot 10=Home

Jun 24, 2020 4:17:43 PM Main_2.ActivityLog activityLog
INFO: ------------------------
Human id=5
Slot 1=Home
Slot 2=Shop Lot
Slot 3=Factory
Slot 4=Factory
Slot 5=Mall
Slot 6=Home
Slot 7=Home
Slot 8=School
Slot 9=Home
Slot 10=Home

Jun 24, 2020 4:17:43 PM Main_2.ActivityLog activityLog
INFO: ------------------------
Human id=6
Slot 1=Home
Slot 2=Shop Lot
Slot 3=Mall
Slot 4=Mall
Slot 5=Home
Slot 6=Petrol Station
Slot 7=Home
Slot 8=Home
Slot 9=Home
Slot 10=Home

Jun 24, 2020 4:17:43 PM Main_2.ActivityLog activityLog
INFO: ------------------------
Human id=7
Slot 1=Home
Slot 2=Home
Slot 3=School
Slot 4=School
Slot 5=School
Slot 6=Playground
Slot 7=Playground
Slot 8=Home
Slot 9=Food Court
Slot 10=Home

Jun 24, 2020 4:17:43 PM Main_2.ActivityLog activityLog
INFO: ------------------------
Human id=8
Slot 1=Home
Slot 2=Food Court
Slot 3=Heathcare Centre
Slot 4=Heathcare Centre
Slot 5=Heathcare Centre
Slot 6=Heathcare Centre
Slot 7=Heathcare Centre
Slot 8=Heathcare Centre
Slot 9=Food Court
Slot 10=Home

Jun 24, 2020 4:17:43 PM Main_2.ActivityLog activityLog
INFO: ------------------------
Human id=9
Slot 1=Home
Slot 2=Home
Slot 3=Mosque
Slot 4=Mosque
Slot 5=Mosque
Slot 6=Mosque
Slot 7=Mosque
Slot 8=School
Slot 9=Shop Lot
Slot 10=Home

Jun 24, 2020 4:17:43 PM Main_2.ActivityLog activityLog
INFO: ------------------------
Human id=10
Slot 1=Home
Slot 2=Home
Slot 3=Primary School
Slot 4=Primary School
Slot 5=Mall
Slot 6=Primary School
Slot 7=Primary School
Slot 8=Primary School
Slot 9=Home
Slot 10=Home

Jun 24, 2020 4:17:43 PM Main_2.ActivityLog activityLog
INFO: ------------------------
Human id=11
Slot 1=Home
Slot 2=Food Court
Slot 3=Home
Slot 4=Home
Slot 5=Shop Lot
Slot 6=Home
Slot 7=Home
Slot 8=Home
Slot 9=Food Court
Slot 10=Home

Jun 24, 2020 4:17:43 PM Main_2.ActivityLog activityLog
INFO: ------------------------
Human id=12
Slot 1=Home
Slot 2=Shop Lot
Slot 3=Home
Slot 4=Home
Slot 5=Home
Slot 6=Home
Slot 7=Home
Slot 8=Home
Slot 9=Food Court
Slot 10=Home

Jun 24, 2020 4:17:43 PM Main_2.ActivityLog activityLog
INFO: ------------------------
Human id=13
Slot 1=Home
Slot 2=Food Court
Slot 3=Kindergarten
Slot 4=Kindergarten
Slot 5=Kindergarten
Slot 6=Home
Slot 7=Home
Slot 8=Home
Slot 9=Shop Lot
Slot 10=Home

Jun 24, 2020 4:17:43 PM Main_2.ActivityLog activityLog
INFO: ------------------------
Human id=14
Slot 1=Home
Slot 2=Home
Slot 3=Home
Slot 4=Home
Slot 5=Home
Slot 6=Home
Slot 7=Home
Slot 8=Playground
Slot 9=Food Court
Slot 10=Home

Jun 24, 2020 4:17:43 PM Main_2.ActivityLog activityLog
INFO: ------------------------
Human id=15
Slot 1=Home
Slot 2=Home
Slot 3=Secondary School
Slot 4=Secondary School
Slot 5=Home
Slot 6=Home
Slot 7=Playground
Slot 8=Playground
Slot 9=Home
Slot 10=Home

Jun 24, 2020 4:17:43 PM Main_2.ActivityLog activityLog
INFO: ------------------------
Human id=16
Slot 1=Home
Slot 2=Home
Slot 3=Secondary School
Slot 4=Secondary School
Slot 5=Secondary School
Slot 6=Home
Slot 7=Home
Slot 8=Home
Slot 9=Home
Slot 10=Home

Jun 24, 2020 4:17:43 PM Main_2.ActivityLog activityLog
INFO: ------------------------
Human id=17
Slot 1=Home
Slot 2=Shop Lot
Slot 3=Home
Slot 4=Home
Slot 5=Shop Lot
Slot 6=Home
Slot 7=Home
Slot 8=Home
Slot 9=Home
Slot 10=Home

Jun 24, 2020 4:17:43 PM Main_2.ActivityLog activityLog
INFO: ------------------------
Human id=18
Slot 1=Home
Slot 2=Shop Lot
Slot 3=Kindergarten
Slot 4=Police Station
Slot 5=Mosque
Slot 6=Home
Slot 7=Playground
Slot 8=Playground
Slot 9=Home
Slot 10=Home

Jun 24, 2020 4:17:43 PM Main_2.ActivityLog activityLog
INFO: ------------------------
Human id=19
Slot 1=Home
Slot 2=Home
Slot 3=Bus Stop
Slot 4=Bus Stop
Slot 5=Mall
Slot 6=Bus Stop
Slot 7=Bus Stop
Slot 8=Bus Stop
Slot 9=Home
Slot 10=Home

Jun 24, 2020 4:17:43 PM Main_2.ActivityLog activityLog
INFO: ------------------------
Human id=20
Slot 1=Home
Slot 2=Home
Slot 3=School
Slot 4=School
Slot 5=School
Slot 6=Mall
Slot 7=Mall
Slot 8=Home
Slot 9=Food Court
Slot 10=Home

Jun 24, 2020 4:17:43 PM Main_2.ActivityLog activityLog
INFO: ------------------------
Human id=21
Slot 1=Home
Slot 2=Food Court
Slot 3=Train Station
Slot 4=Train Station
Slot 5=Shop Lot
Slot 6=Home
Slot 7=Playground
Slot 8=Playground
Slot 9=Home
Slot 10=Home

Jun 24, 2020 4:17:43 PM Main_2.ActivityLog activityLog
INFO: ------------------------
Human id=22
Slot 1=Home
Slot 2=Shop Lot
Slot 3=Secondary School
Slot 4=Secondary School
Slot 5=Shop Lot
Slot 6=Home
Slot 7=Home
Slot 8=Home
Slot 9=Home
Slot 10=Home

Jun 24, 2020 4:17:43 PM Main_2.ActivityLog activityLog
INFO: ------------------------
Human id=23
Slot 1=Home
Slot 2=Food Court
Slot 3=Police Station
Slot 4=Police Station
Slot 5=Police Station
Slot 6=Home
Slot 7=Field
Slot 8=Field
Slot 9=Home
Slot 10=Home

Jun 24, 2020 4:17:43 PM Main_2.ActivityLog activityLog
INFO: ------------------------
Human id=24
Slot 1=Home
Slot 2=Home
Slot 3=Primary School
Slot 4=Primary School
Slot 5=Primary School
Slot 6=Petrol Station
Slot 7=Home
Slot 8=Home
Slot 9=Shop Lot
Slot 10=Home

Jun 24, 2020 4:17:43 PM Main_2.ActivityLog activityLog
INFO: ------------------------
Human id=25
Slot 1=Home
Slot 2=Food Court
Slot 3=Mosque
Slot 4=Mosque
Slot 5=Mosque
Slot 6=Home
Slot 7=Playground
Slot 8=Playground
Slot 9=Home
Slot 10=Home

Jun 24, 2020 4:17:43 PM Main_2.ActivityLog activityLog
INFO: ------------------------
Human id=26
Slot 1=Home
Slot 2=Food Court
Slot 3=Home
Slot 4=Home
Slot 5=Home
Slot 6=Home
Slot 7=Home
Slot 8=Home
Slot 9=Home
Slot 10=Home

Jun 24, 2020 4:17:43 PM Main_2.ActivityLog activityLog
INFO: ------------------------
Human id=27
Slot 1=Home
Slot 2=Home
Slot 3=Home
Slot 4=Home
Slot 5=Food Court
Slot 6=Home
Slot 7=Home
Slot 8=School
Slot 9=Shop Lot
Slot 10=Home

Jun 24, 2020 4:17:43 PM Main_2.ActivityLog activityLog
INFO: ------------------------
Human id=28
Slot 1=Home
Slot 2=Home
Slot 3=School
Slot 4=School
Slot 5=School
Slot 6=Mall
Slot 7=Mall
Slot 8=Home
Slot 9=Shop Lot
Slot 10=Home

Jun 24, 2020 4:17:43 PM Main_2.ActivityLog activityLog
INFO: ------------------------
Human id=29
Slot 1=Home
Slot 2=Home
Slot 3=Petrol Station
Slot 4=Petrol Station
Slot 5=Food Court
Slot 6=Petrol Station
Slot 7=Petrol Station
Slot 8=Petrol Station
Slot 9=Shop Lot
Slot 10=Home

Jun 24, 2020 4:17:43 PM Main_2.ActivityLog activityLog
INFO: ------------------------
Human id=30
Slot 1=Home
Slot 2=Home
Slot 3=School
Slot 4=School
Slot 5=School
Slot 6=Field
Slot 7=Field
Slot 8=Home
Slot 9=Shop Lot
Slot 10=Home

Jun 24, 2020 4:17:43 PM Main_2.ActivityLog activityLog
INFO: ------------------------
Human id=31
Slot 1=Home
Slot 2=Home
Slot 3=Train Station
Slot 4=Train Station
Slot 5=Train Station
Slot 6=Train Station
Slot 7=Train Station
Slot 8=Train Station
Slot 9=Shop Lot
Slot 10=Home

Jun 24, 2020 4:17:43 PM Main_2.ActivityLog activityLog
INFO: ------------------------
Human id=32
Slot 1=Home
Slot 2=Shop Lot
Slot 3=School
Slot 4=School
Slot 5=School
Slot 6=Home
Slot 7=Home
Slot 8=Home
Slot 9=Shop Lot
Slot 10=Home

Jun 24, 2020 4:17:43 PM Main_2.ActivityLog activityLog
INFO: ------------------------
Human id=33
Slot 1=Home
Slot 2=Home
Slot 3=Train Station
Slot 4=Train Station
Slot 5=Shop Lot
Slot 6=Train Station
Slot 7=Train Station
Slot 8=Shop Lot
Slot 9=Food Court
Slot 10=Home

Jun 24, 2020 4:17:43 PM Main_2.ActivityLog activityLog
INFO: ------------------------
Human id=34
Slot 1=Home
Slot 2=Shop Lot
Slot 3=Home
Slot 4=Home
Slot 5=Home
Slot 6=Home
Slot 7=Home
Slot 8=Home
Slot 9=Home
Slot 10=Home

Jun 24, 2020 4:17:43 PM Main_2.ActivityLog activityLog
INFO: ------------------------
Human id=35
Slot 1=Home
Slot 2=Home
Slot 3=Kindergarten
Slot 4=Kindergarten
Slot 5=Kindergarten
Slot 6=Home
Slot 7=Home
Slot 8=Home
Slot 9=Food Court
Slot 10=Home

Jun 24, 2020 4:17:43 PM Main_2.ActivityLog activityLog
INFO: ------------------------
Human id=36
Slot 1=Home
Slot 2=Home
Slot 3=Police Station
Slot 4=Police Station
Slot 5=Shop Lot
Slot 6=Home
Slot 7=Home
Slot 8=Home
Slot 9=Shop Lot
Slot 10=Home

Jun 24, 2020 4:17:43 PM Main_2.ActivityLog activityLog
INFO: ------------------------
Human id=37
Slot 1=Home
Slot 2=Home
Slot 3=Home
Slot 4=Home
Slot 5=Home
Slot 6=Home
Slot 7=Home
Slot 8=Home
Slot 9=Home
Slot 10=Home

Jun 24, 2020 4:17:43 PM Main_2.ActivityLog activityLog
INFO: ------------------------
Human id=38
Slot 1=Home
Slot 2=Shop Lot
Slot 3=Police Station
Slot 4=Police Station
Slot 5=Mall
Slot 6=Home
Slot 7=Home
Slot 8=Home
Slot 9=Home
Slot 10=Home

