Jun 17, 2020 1:29:58 PM Main_ElCorona.LogHousehold logHouseHold
INFO: 
House: 1
ID: 1
Age: 65
Role: Elderly
Occupation: Retired
Gender: Female
----------------------------------------
House: 1
ID: 2
Age: 17
Role: Student
Occupation: null
Gender: Male
----------------------------------------
House: 1
ID: 3
Age: 6
Role: Toddler
Occupation: null
Gender: Male
----------------------------------------
House: 2
ID: 4
Age: 66
Role: Elderly
Occupation: Retired
Gender: Female
----------------------------------------
House: 3
ID: 5
Age: 32
Role: Adult
Occupation: Unemployed
Gender: Female
----------------------------------------
House: 3
ID: 6
Age: 2
Role: Toddler
Occupation: null
Gender: Female
----------------------------------------
House: 3
ID: 7
Age: 64
Role: Elderly
Occupation: Retired
Gender: Female
----------------------------------------
House: 3
ID: 8
Age: 14
Role: Student
Occupation: null
Gender: Female
----------------------------------------
House: 3
ID: 9
Age: 10
Role: Student
Occupation: null
Gender: Female
----------------------------------------
House: 4
ID: 10
Age: 30
Role: Adult
Occupation: Taxi Driver
Gender: Female
----------------------------------------
House: 4
ID: 11
Age: 4
Role: Toddler
Occupation: null
Gender: Female
----------------------------------------
House: 4
ID: 12
Age: 12
Role: Student
Occupation: null
Gender: Male
----------------------------------------
House: 4
ID: 13
Age: 65
Role: Elderly
Occupation: Retired
Gender: Male
----------------------------------------
House: 4
ID: 14
Age: 68
Role: Elderly
Occupation: Retired
Gender: Female
----------------------------------------
House: 4
ID: 15
Age: 34
Role: Adult
Occupation: Teacher
Gender: Male
----------------------------------------
House: 5
ID: 16
Age: 28
Role: Adult
Occupation: Priest
Gender: Male
----------------------------------------
House: 5
ID: 17
Age: 22
Role: Adult
Occupation: Teacher
Gender: Female
----------------------------------------
House: 5
ID: 18
Age: 68
Role: Elderly
Occupation: Retired
Gender: Female
----------------------------------------
House: 6
ID: 19
Age: 34
Role: Adult
Occupation: Police
Gender: Male
----------------------------------------
House: 6
ID: 20
Age: 6
Role: Toddler
Occupation: null
Gender: Male
----------------------------------------
House: 6
ID: 21
Age: 7
Role: Student
Occupation: null
Gender: Female
----------------------------------------
House: 6
ID: 22
Age: 2
Role: Toddler
Occupation: null
Gender: Male
----------------------------------------
House: 6
ID: 23
Age: 2
Role: Toddler
Occupation: null
Gender: Male
----------------------------------------
House: 7
ID: 24
Age: 18
Role: Adult
Occupation: Bank Officer
Gender: Male
----------------------------------------
House: 7
ID: 25
Age: 15
Role: Student
Occupation: null
Gender: Female
----------------------------------------
House: 7
ID: 26
Age: 7
Role: Student
Occupation: null
Gender: Female
----------------------------------------
House: 7
ID: 27
Age: 3
Role: Toddler
Occupation: null
Gender: Male
----------------------------------------
House: 8
ID: 28
Age: 40
Role: Adult
Occupation: Unemployed
Gender: Male
----------------------------------------
House: 8
ID: 29
Age: 23
Role: Adult
Occupation: School Janitor
Gender: Female
----------------------------------------
House: 8
ID: 30
Age: 4
Role: Toddler
Occupation: null
Gender: Male
----------------------------------------
House: 8
ID: 31
Age: 46
Role: Elderly
Occupation: Bus Driver
Gender: Male
----------------------------------------
House: 8
ID: 32
Age: 3
Role: Toddler
Occupation: null
Gender: Male
----------------------------------------
House: 8
ID: 33
Age: 25
Role: Adult
Occupation: Factory Worker
Gender: Female
----------------------------------------
House: 9
ID: 34
Age: 56
Role: Elderly
Occupation: Restaurant Worker
Gender: Female
----------------------------------------
House: 9
ID: 35
Age: 3
Role: Toddler
Occupation: null
Gender: Female
----------------------------------------
House: 9
ID: 36
Age: 67
Role: Elderly
Occupation: Retired
Gender: Female
----------------------------------------
House: 9
ID: 37
Age: 26
Role: Adult
Occupation: Factory Worker
Gender: Female
----------------------------------------
House: 9
ID: 38
Age: 50
Role: Elderly
Occupation: Factory Worker
Gender: Female
----------------------------------------
House: 9
ID: 39
Age: 53
Role: Elderly
Occupation: Bus Driver
Gender: Female
----------------------------------------
House: 10
ID: 40
Age: 22
Role: Adult
Occupation: School Janitor
Gender: Female
----------------------------------------
House: 10
ID: 41
Age: 1
Role: Toddler
Occupation: null
Gender: Male
----------------------------------------
House: 11
ID: 42
Age: 49
Role: Elderly
Occupation: Petrol Station Worker
Gender: Female
----------------------------------------
House: 11
ID: 43
Age: 20
Role: Adult
Occupation: Bank Officer
Gender: Male
----------------------------------------
House: 11
ID: 44
Age: 4
Role: Toddler
Occupation: null
Gender: Female
----------------------------------------
House: 11
ID: 45
Age: 6
Role: Toddler
Occupation: null
Gender: Female
----------------------------------------
House: 12
ID: 46
Age: 44
Role: Elderly
Occupation: Mall Worker
Gender: Female
----------------------------------------
House: 12
ID: 47
Age: 54
Role: Elderly
Occupation: School Janitor
Gender: Male
----------------------------------------
House: 12
ID: 48
Age: 36
Role: Adult
Occupation: Taxi Driver
Gender: Male
----------------------------------------
House: 12
ID: 49
Age: 13
Role: Student
Occupation: null
Gender: Male
----------------------------------------
House: 12
ID: 50
Age: 17
Role: Student
Occupation: null
Gender: Female
----------------------------------------
House: 13
ID: 51
Age: 43
Role: Elderly
Occupation: Police
Gender: Female
----------------------------------------
House: 13
ID: 52
Age: 14
Role: Student
Occupation: null
Gender: Male
----------------------------------------
House: 13
ID: 53
Age: 9
Role: Student
Occupation: null
Gender: Female
----------------------------------------
House: 13
ID: 54
Age: 17
Role: Student
Occupation: null
Gender: Male
----------------------------------------
House: 13
ID: 55
Age: 2
Role: Toddler
Occupation: null
Gender: Male
----------------------------------------
House: 14
ID: 56
Age: 60
Role: Elderly
Occupation: Retired
Gender: Female
----------------------------------------
House: 14
ID: 57
Age: 2
Role: Toddler
Occupation: null
Gender: Female
----------------------------------------
House: 14
ID: 58
Age: 20
Role: Adult
Occupation: Healthcare Centre Worker
Gender: Male
----------------------------------------
House: 14
ID: 59
Age: 38
Role: Adult
Occupation: Healthcare Centre Worker
Gender: Male
----------------------------------------
House: 14
ID: 60
Age: 17
Role: Student
Occupation: null
Gender: Female
----------------------------------------
House: 15
ID: 61
Age: 68
Role: Elderly
Occupation: Retired
Gender: Female
----------------------------------------
House: 15
ID: 62
Age: 70
Role: Elderly
Occupation: Retired
Gender: Female
----------------------------------------
House: 16
ID: 63
Age: 48
Role: Elderly
Occupation: Unemployed
Gender: Male
----------------------------------------
House: 16
ID: 64
Age: 27
Role: Adult
Occupation: Priest
Gender: Male
----------------------------------------
House: 16
ID: 65
Age: 23
Role: Adult
Occupation: Factory Worker
Gender: Male
----------------------------------------
House: 16
ID: 66
Age: 42
Role: Elderly
Occupation: Police
Gender: Male
----------------------------------------
House: 17
ID: 67
Age: 30
Role: Adult
Occupation: Restaurant Worker
Gender: Female
----------------------------------------
House: 17
ID: 68
Age: 2
Role: Toddler
Occupation: null
Gender: Female
----------------------------------------
House: 17
ID: 69
Age: 16
Role: Student
Occupation: null
Gender: Female
----------------------------------------
House: 17
ID: 70
Age: 49
Role: Elderly
Occupation: Mall Worker
Gender: Male
----------------------------------------
House: 17
ID: 71
Age: 35
Role: Adult
Occupation: Taxi Driver
Gender: Female
----------------------------------------
House: 18
ID: 72
Age: 37
Role: Adult
Occupation: School Janitor
Gender: Female
----------------------------------------
House: 18
ID: 73
Age: 22
Role: Adult
Occupation: Factory Worker
Gender: Male
----------------------------------------
House: 18
ID: 74
Age: 6
Role: Toddler
Occupation: null
Gender: Male
----------------------------------------
House: 18
ID: 75
Age: 50
Role: Elderly
Occupation: Factory Worker
Gender: Female
----------------------------------------
House: 19
ID: 76
Age: 25
Role: Adult
Occupation: Healthcare Centre Worker
Gender: Female
----------------------------------------
House: 19
ID: 77
Age: 4
Role: Toddler
Occupation: null
Gender: Female
----------------------------------------
House: 19
ID: 78
Age: 53
Role: Elderly
Occupation: Teacher
Gender: Female
----------------------------------------
House: 19
ID: 79
Age: 6
Role: Toddler
Occupation: null
Gender: Female
----------------------------------------
House: 20
ID: 80
Age: 35
Role: Adult
Occupation: Outside City
Gender: Male
----------------------------------------
House: 20
ID: 81
Age: 23
Role: Adult
Occupation: Mall Worker
Gender: Female
----------------------------------------
House: 20
ID: 82
Age: 15
Role: Student
Occupation: null
Gender: Female
----------------------------------------
House: 21
ID: 83
Age: 49
Role: Elderly
Occupation: School Janitor
Gender: Female
----------------------------------------
House: 21
ID: 84
Age: 9
Role: Student
Occupation: null
Gender: Female
----------------------------------------
House: 21
ID: 85
Age: 10
Role: Student
Occupation: null
Gender: Male
----------------------------------------
House: 21
ID: 86
Age: 6
Role: Toddler
Occupation: null
Gender: Male
----------------------------------------
House: 22
ID: 87
Age: 46
Role: Elderly
Occupation: Healthcare Centre Worker
Gender: Male
----------------------------------------
House: 22
ID: 88
Age: 6
Role: Toddler
Occupation: null
Gender: Female
----------------------------------------
House: 22
ID: 89
Age: 10
Role: Student
Occupation: null
Gender: Male
----------------------------------------
House: 22
ID: 90
Age: 14
Role: Student
Occupation: null
Gender: Male
----------------------------------------
House: 22
ID: 91
Age: 14
Role: Student
Occupation: null
Gender: Male
----------------------------------------
House: 22
ID: 92
Age: 2
Role: Toddler
Occupation: null
Gender: Male
----------------------------------------
House: 23
ID: 93
Age: 40
Role: Adult
Occupation: Priest
Gender: Female
----------------------------------------
House: 23
ID: 94
Age: 54
Role: Elderly
Occupation: Teacher
Gender: Female
----------------------------------------
House: 23
ID: 95
Age: 47
Role: Elderly
Occupation: Railway Worker
Gender: Male
----------------------------------------
House: 23
ID: 96
Age: 1
Role: Toddler
Occupation: null
Gender: Male
----------------------------------------
House: 23
ID: 97
Age: 6
Role: Toddler
Occupation: null
Gender: Female
----------------------------------------
House: 24
ID: 98
Age: 47
Role: Elderly
Occupation: Unemployed
Gender: Female
----------------------------------------
House: 25
ID: 99
Age: 64
Role: Elderly
Occupation: Retired
Gender: Female
----------------------------------------
House: 25
ID: 100
Age: 41
Role: Elderly
Occupation: Railway Worker
Gender: Male
----------------------------------------
House: 25
ID: 101
Age: 16
Role: Student
Occupation: null
Gender: Female
----------------------------------------
House: 26
ID: 102
Age: 59
Role: Elderly
Occupation: Factory Worker
Gender: Female
----------------------------------------
House: 26
ID: 103
Age: 25
Role: Adult
Occupation: Bus Driver
Gender: Female
----------------------------------------
House: 26
ID: 104
Age: 65
Role: Elderly
Occupation: Retired
Gender: Female
----------------------------------------
House: 26
ID: 105
Age: 2
Role: Toddler
Occupation: null
Gender: Female
----------------------------------------
House: 27
ID: 106
Age: 36
Role: Adult
Occupation: Police
Gender: Female
----------------------------------------
House: 27
ID: 107
Age: 30
Role: Adult
Occupation: Priest
Gender: Female
----------------------------------------
House: 27
ID: 108
Age: 5
Role: Toddler
Occupation: null
Gender: Male
----------------------------------------
House: 27
ID: 109
Age: 60
Role: Elderly
Occupation: Retired
Gender: Male
----------------------------------------
House: 27
ID: 110
Age: 56
Role: Elderly
Occupation: Healthcare Centre Worker
Gender: Male
----------------------------------------
House: 27
ID: 111
Age: 36
Role: Adult
Occupation: Taxi Driver
Gender: Male
----------------------------------------
House: 28
ID: 112
Age: 20
Role: Adult
Occupation: Healthcare Centre Worker
Gender: Female
----------------------------------------
House: 28
ID: 113
Age: 52
Role: Elderly
Occupation: Police
Gender: Male
----------------------------------------
House: 28
ID: 114
Age: 11
Role: Student
Occupation: null
Gender: Female
----------------------------------------
House: 28
ID: 115
Age: 61
Role: Elderly
Occupation: Retired
Gender: Male
----------------------------------------
House: 28
ID: 116
Age: 37
Role: Adult
Occupation: Bus Driver
Gender: Male
----------------------------------------
House: 28
ID: 117
Age: 12
Role: Student
Occupation: null
Gender: Female
----------------------------------------
House: 29
ID: 118
Age: 64
Role: Elderly
Occupation: Retired
Gender: Male
----------------------------------------
House: 29
ID: 119
Age: 8
Role: Student
Occupation: null
Gender: Female
----------------------------------------
House: 29
ID: 120
Age: 31
Role: Adult
Occupation: Priest
Gender: Female
----------------------------------------
House: 29
ID: 121
Age: 20
Role: Adult
Occupation: Teacher
Gender: Male
----------------------------------------
House: 29
ID: 122
Age: 8
Role: Student
Occupation: null
Gender: Male
----------------------------------------
House: 30
ID: 123
Age: 21
Role: Adult
Occupation: Mall Worker
Gender: Female
----------------------------------------
House: 30
ID: 124
Age: 34
Role: Adult
Occupation: Restaurant Worker
Gender: Female
----------------------------------------
House: 30
ID: 125
Age: 8
Role: Student
Occupation: null
Gender: Female
----------------------------------------
House: 30
ID: 126
Age: 14
Role: Student
Occupation: null
Gender: Male
----------------------------------------
House: 30
ID: 127
Age: 4
Role: Toddler
Occupation: null
Gender: Male
----------------------------------------
House: 31
ID: 128
Age: 57
Role: Elderly
Occupation: Mall Worker
Gender: Female
----------------------------------------
House: 31
ID: 129
Age: 33
Role: Adult
Occupation: Petrol Station Worker
Gender: Female
----------------------------------------
House: 31
ID: 130
Age: 40
Role: Adult
Occupation: Police
Gender: Female
----------------------------------------
House: 31
ID: 131
Age: 59
Role: Elderly
Occupation: School Janitor
Gender: Male
----------------------------------------
House: 31
ID: 132
Age: 6
Role: Toddler
Occupation: null
Gender: Male
----------------------------------------
House: 31
ID: 133
Age: 7
Role: Student
Occupation: null
Gender: Female
----------------------------------------
House: 32
ID: 134
Age: 25
Role: Adult
Occupation: Bank Officer
Gender: Male
----------------------------------------
House: 32
ID: 135
Age: 9
Role: Student
Occupation: null
Gender: Male
----------------------------------------
House: 32
ID: 136
Age: 7
Role: Student
Occupation: null
Gender: Male
----------------------------------------
House: 32
ID: 137
Age: 58
Role: Elderly
Occupation: School Janitor
Gender: Male
----------------------------------------
House: 32
ID: 138
Age: 62
Role: Elderly
Occupation: Retired
Gender: Male
----------------------------------------
House: 33
ID: 139
Age: 18
Role: Adult
Occupation: Railway Worker
Gender: Male
----------------------------------------
House: 33
ID: 140
Age: 60
Role: Elderly
Occupation: Retired
Gender: Female
----------------------------------------
House: 33
ID: 141
Age: 3
Role: Toddler
Occupation: null
Gender: Female
----------------------------------------
House: 34
ID: 142
Age: 29
Role: Adult
Occupation: Bus Driver
Gender: Male
----------------------------------------
House: 34
ID: 143
Age: 3
Role: Toddler
Occupation: null
Gender: Female
----------------------------------------
House: 34
ID: 144
Age: 29
Role: Adult
Occupation: Bank Officer
Gender: Male
----------------------------------------
House: 34
ID: 145
Age: 41
Role: Elderly
Occupation: Unemployed
Gender: Male
----------------------------------------
House: 35
ID: 146
Age: 32
Role: Adult
Occupation: Restaurant Worker
Gender: Female
----------------------------------------
House: 36
ID: 147
Age: 21
Role: Adult
Occupation: Petrol Station Worker
Gender: Male
----------------------------------------
House: 36
ID: 148
Age: 7
Role: Student
Occupation: null
Gender: Female
----------------------------------------
House: 36
ID: 149
Age: 5
Role: Toddler
Occupation: null
Gender: Male
----------------------------------------
House: 36
ID: 150
Age: 28
Role: Adult
Occupation: Mall Worker
Gender: Female
----------------------------------------
House: 37
ID: 151
Age: 69
Role: Elderly
Occupation: Retired
Gender: Female
----------------------------------------
House: 37
ID: 152
Age: 60
Role: Elderly
Occupation: Retired
Gender: Female
----------------------------------------
House: 37
ID: 153
Age: 52
Role: Elderly
Occupation: Railway Worker
Gender: Male
----------------------------------------
House: 37
ID: 154
Age: 3
Role: Toddler
Occupation: null
Gender: Male
----------------------------------------
House: 37
ID: 155
Age: 30
Role: Adult
Occupation: School Janitor
Gender: Male
----------------------------------------
House: 38
ID: 156
Age: 55
Role: Elderly
Occupation: Factory Worker
Gender: Male
----------------------------------------
House: 38
ID: 157
Age: 15
Role: Student
Occupation: null
Gender: Male
----------------------------------------
House: 38
ID: 158
Age: 47
Role: Elderly
Occupation: Taxi Driver
Gender: Female
----------------------------------------
House: 39
ID: 159
Age: 18
Role: Adult
Occupation: Unemployed
Gender: Female
----------------------------------------
House: 39
ID: 160
Age: 7
Role: Student
Occupation: null
Gender: Male
----------------------------------------
House: 39
ID: 161
Age: 9
Role: Student
Occupation: null
Gender: Male
----------------------------------------
House: 39
ID: 162
Age: 5
Role: Toddler
Occupation: null
Gender: Female
----------------------------------------
House: 40
ID: 163
Age: 28
Role: Adult
Occupation: Mall Worker
Gender: Female
----------------------------------------
House: 40
ID: 164
Age: 1
Role: Toddler
Occupation: null
Gender: Male
----------------------------------------
House: 41
ID: 165
Age: 36
Role: Adult
Occupation: Railway Worker
Gender: Female
----------------------------------------
House: 41
ID: 166
Age: 13
Role: Student
Occupation: null
Gender: Female
----------------------------------------
House: 41
ID: 167
Age: 10
Role: Student
Occupation: null
Gender: Female
----------------------------------------
House: 41
ID: 168
Age: 69
Role: Elderly
Occupation: Retired
Gender: Female
----------------------------------------
House: 41
ID: 169
Age: 8
Role: Student
Occupation: null
Gender: Male
----------------------------------------
House: 42
ID: 170
Age: 50
Role: Elderly
Occupation: Priest
Gender: Female
----------------------------------------
House: 42
ID: 171
Age: 29
Role: Adult
Occupation: Taxi Driver
Gender: Female
----------------------------------------
House: 42
ID: 172
Age: 16
Role: Student
Occupation: null
Gender: Male
----------------------------------------
House: 42
ID: 173
Age: 5
Role: Toddler
Occupation: null
Gender: Male
----------------------------------------
House: 42
ID: 174
Age: 11
Role: Student
Occupation: null
Gender: Male
----------------------------------------
House: 43
ID: 175
Age: 46
Role: Elderly
Occupation: Railway Worker
Gender: Female
----------------------------------------
House: 44
ID: 176
Age: 50
Role: Elderly
Occupation: Healthcare Centre Worker
Gender: Female
----------------------------------------
House: 44
ID: 177
Age: 46
Role: Elderly
Occupation: Factory Worker
Gender: Female
----------------------------------------
House: 44
ID: 178
Age: 61
Role: Elderly
Occupation: Retired
Gender: Male
----------------------------------------
House: 44
ID: 179
Age: 6
Role: Toddler
Occupation: null
Gender: Female
----------------------------------------
House: 45
ID: 180
Age: 27
Role: Adult
Occupation: School Janitor
Gender: Female
----------------------------------------
House: 45
ID: 181
Age: 8
Role: Student
Occupation: null
Gender: Female
----------------------------------------
House: 46
ID: 182
Age: 46
Role: Elderly
Occupation: Taxi Driver
Gender: Female
----------------------------------------
House: 46
ID: 183
Age: 1
Role: Toddler
Occupation: null
Gender: Female
----------------------------------------
House: 46
ID: 184
Age: 19
Role: Adult
Occupation: Healthcare Centre Worker
Gender: Male
----------------------------------------
House: 46
ID: 185
Age: 50
Role: Elderly
Occupation: Mall Worker
Gender: Male
----------------------------------------
House: 46
ID: 186
Age: 12
Role: Student
Occupation: null
Gender: Male
----------------------------------------
House: 47
ID: 187
Age: 40
Role: Adult
Occupation: Mall Worker
Gender: Female
----------------------------------------
House: 47
ID: 188
Age: 31
Role: Adult
Occupation: Healthcare Centre Worker
Gender: Female
----------------------------------------
House: 47
ID: 189
Age: 41
Role: Elderly
Occupation: Restaurant Worker
Gender: Male
----------------------------------------
House: 47
ID: 190
Age: 27
Role: Adult
Occupation: Priest
Gender: Female
----------------------------------------
House: 48
ID: 191
Age: 57
Role: Elderly
Occupation: Petrol Station Worker
Gender: Female
----------------------------------------
House: 48
ID: 192
Age: 5
Role: Toddler
Occupation: null
Gender: Female
----------------------------------------
House: 49
ID: 193
Age: 65
Role: Elderly
Occupation: Retired
Gender: Female
----------------------------------------
House: 50
ID: 194
Age: 45
Role: Elderly
Occupation: Taxi Driver
Gender: Female
----------------------------------------
House: 50
ID: 195
Age: 12
Role: Student
Occupation: null
Gender: Female
----------------------------------------
House: 50
ID: 196
Age: 19
Role: Adult
Occupation: Healthcare Centre Worker
Gender: Male
----------------------------------------
House: 50
ID: 197
Age: 10
Role: Student
Occupation: null
Gender: Female
----------------------------------------
House: 50
ID: 198
Age: 26
Role: Adult
Occupation: Bus Driver
Gender: Female
----------------------------------------
House: 50
ID: 199
Age: 1
Role: Toddler
Occupation: null
Gender: Female
----------------------------------------
House: 51
ID: 200
Age: 18
Role: Adult
Occupation: Bank Officer
Gender: Male
----------------------------------------
House: 51
ID: 201
Age: 45
Role: Elderly
Occupation: School Janitor
Gender: Male
----------------------------------------
House: 52
ID: 202
Age: 26
Role: Adult
Occupation: Petrol Station Worker
Gender: Female
----------------------------------------
House: 53
ID: 203
Age: 65
Role: Elderly
Occupation: Retired
Gender: Female
----------------------------------------
House: 54
ID: 204
Age: 38
Role: Adult
Occupation: Priest
Gender: Male
----------------------------------------
House: 54
ID: 205
Age: 69
Role: Elderly
Occupation: Retired
Gender: Male
----------------------------------------
House: 54
ID: 206
Age: 4
Role: Toddler
Occupation: null
Gender: Male
----------------------------------------
House: 55
ID: 207
Age: 25
Role: Adult
Occupation: Unemployed
Gender: Female
----------------------------------------
House: 55
ID: 208
Age: 64
Role: Elderly
Occupation: Retired
Gender: Male
----------------------------------------
House: 55
ID: 209
Age: 52
Role: Elderly
Occupation: Priest
Gender: Female
----------------------------------------
House: 55
ID: 210
Age: 2
Role: Toddler
Occupation: null
Gender: Female
----------------------------------------
House: 55
ID: 211
Age: 33
Role: Adult
Occupation: Railway Worker
Gender: Male
----------------------------------------
House: 56
ID: 212
Age: 63
Role: Elderly
Occupation: Retired
Gender: Female
----------------------------------------
House: 56
ID: 213
Age: 67
Role: Elderly
Occupation: Retired
Gender: Female
----------------------------------------
House: 56
ID: 214
Age: 67
Role: Elderly
Occupation: Retired
Gender: Female
----------------------------------------
House: 56
ID: 215
Age: 2
Role: Toddler
Occupation: null
Gender: Male
----------------------------------------
House: 56
ID: 216
Age: 52
Role: Elderly
Occupation: Factory Worker
Gender: Female
----------------------------------------
House: 57
ID: 217
Age: 35
Role: Adult
Occupation: Taxi Driver
Gender: Female
----------------------------------------
House: 57
ID: 218
Age: 3
Role: Toddler
Occupation: null
Gender: Male
----------------------------------------
House: 57
ID: 219
Age: 60
Role: Elderly
Occupation: Retired
Gender: Female
----------------------------------------
House: 58
ID: 220
Age: 59
Role: Elderly
Occupation: Mall Worker
Gender: Male
----------------------------------------
House: 58
ID: 221
Age: 11
Role: Student
Occupation: null
Gender: Female
----------------------------------------
House: 59
ID: 222
Age: 43
Role: Elderly
Occupation: Priest
Gender: Male
----------------------------------------
House: 59
ID: 223
Age: 1
Role: Toddler
Occupation: null
Gender: Female
----------------------------------------
House: 59
ID: 224
Age: 68
Role: Elderly
Occupation: Retired
Gender: Male
----------------------------------------
House: 59
ID: 225
Age: 24
Role: Adult
Occupation: Mall Worker
Gender: Female
----------------------------------------
House: 59
ID: 226
Age: 65
Role: Elderly
Occupation: Retired
Gender: Female
----------------------------------------
House: 60
ID: 227
Age: 38
Role: Adult
Occupation: Factory Worker
Gender: Male
----------------------------------------
House: 60
ID: 228
Age: 23
Role: Adult
Occupation: Outside City
Gender: Male
----------------------------------------
House: 60
ID: 229
Age: 53
Role: Elderly
Occupation: Factory Worker
Gender: Male
----------------------------------------
House: 61
ID: 230
Age: 52
Role: Elderly
Occupation: Taxi Driver
Gender: Female
----------------------------------------
House: 62
ID: 231
Age: 36
Role: Adult
Occupation: Mall Worker
Gender: Male
----------------------------------------
House: 62
ID: 232
Age: 2
Role: Toddler
Occupation: null
Gender: Male
----------------------------------------
House: 62
ID: 233
Age: 27
Role: Adult
Occupation: School Janitor
Gender: Male
----------------------------------------
House: 62
ID: 234
Age: 53
Role: Elderly
Occupation: Healthcare Centre Worker
Gender: Female
----------------------------------------
House: 63
ID: 235
Age: 38
Role: Adult
Occupation: Mall Worker
Gender: Female
----------------------------------------
House: 64
ID: 236
Age: 21
Role: Adult
Occupation: Railway Worker
Gender: Female
----------------------------------------
House: 64
ID: 237
Age: 21
Role: Adult
Occupation: Mall Worker
Gender: Male
----------------------------------------
House: 64
ID: 238
Age: 69
Role: Elderly
Occupation: Retired
Gender: Female
----------------------------------------
House: 64
ID: 239
Age: 12
Role: Student
Occupation: null
Gender: Female
----------------------------------------
House: 65
ID: 240
Age: 39
Role: Adult
Occupation: Police
Gender: Female
----------------------------------------
House: 66
ID: 241
Age: 42
Role: Elderly
Occupation: Police
Gender: Male
----------------------------------------
House: 67
ID: 242
Age: 18
Role: Adult
Occupation: Factory Worker
Gender: Female
----------------------------------------
House: 67
ID: 243
Age: 2
Role: Toddler
Occupation: null
Gender: Female
----------------------------------------
House: 67
ID: 244
Age: 49
Role: Elderly
Occupation: Bank Officer
Gender: Male
----------------------------------------
House: 67
ID: 245
Age: 11
Role: Student
Occupation: null
Gender: Female
----------------------------------------
House: 67
ID: 246
Age: 3
Role: Toddler
Occupation: null
Gender: Female
----------------------------------------
House: 68
ID: 247
Age: 46
Role: Elderly
Occupation: Taxi Driver
Gender: Female
----------------------------------------
House: 68
ID: 248
Age: 4
Role: Toddler
Occupation: null
Gender: Female
----------------------------------------
House: 68
ID: 249
Age: 57
Role: Elderly
Occupation: Priest
Gender: Male
----------------------------------------
House: 68
ID: 250
Age: 6
Role: Toddler
Occupation: null
Gender: Female
----------------------------------------
House: 68
ID: 251
Age: 13
Role: Student
Occupation: null
Gender: Male
----------------------------------------
House: 68
ID: 252
Age: 12
Role: Student
Occupation: null
Gender: Male
----------------------------------------
House: 69
ID: 253
Age: 49
Role: Elderly
Occupation: Healthcare Centre Worker
Gender: Female
----------------------------------------
House: 69
ID: 254
Age: 21
Role: Adult
Occupation: Petrol Station Worker
Gender: Female
----------------------------------------
House: 69
ID: 255
Age: 13
Role: Student
Occupation: null
Gender: Female
----------------------------------------
House: 70
ID: 256
Age: 27
Role: Adult
Occupation: Taxi Driver
Gender: Male
----------------------------------------
House: 70
ID: 257
Age: 1
Role: Toddler
Occupation: null
Gender: Female
----------------------------------------
House: 71
ID: 258
Age: 50
Role: Elderly
Occupation: Outside City
Gender: Male
----------------------------------------
House: 71
ID: 259
Age: 14
Role: Student
Occupation: null
Gender: Female
----------------------------------------
House: 71
ID: 260
Age: 7
Role: Student
Occupation: null
Gender: Male
----------------------------------------
House: 71
ID: 261
Age: 59
Role: Elderly
Occupation: Factory Worker
Gender: Male
----------------------------------------
House: 71
ID: 262
Age: 23
Role: Adult
Occupation: Bus Driver
Gender: Male
----------------------------------------
House: 72
ID: 263
Age: 59
Role: Elderly
Occupation: Teacher
Gender: Male
----------------------------------------
House: 73
ID: 264
Age: 35
Role: Adult
Occupation: Restaurant Worker
Gender: Female
----------------------------------------
House: 73
ID: 265
Age: 17
Role: Student
Occupation: null
Gender: Female
----------------------------------------
House: 74
ID: 266
Age: 35
Role: Adult
Occupation: Petrol Station Worker
Gender: Female
----------------------------------------
House: 74
ID: 267
Age: 4
Role: Toddler
Occupation: null
Gender: Female
----------------------------------------
House: 74
ID: 268
Age: 2
Role: Toddler
Occupation: null
Gender: Female
----------------------------------------
House: 74
ID: 269
Age: 22
Role: Adult
Occupation: Priest
Gender: Male
----------------------------------------
House: 74
ID: 270
Age: 32
Role: Adult
Occupation: Restaurant Worker
Gender: Male
----------------------------------------
House: 74
ID: 271
Age: 44
Role: Elderly
Occupation: Restaurant Worker
Gender: Female
----------------------------------------
House: 75
ID: 272
Age: 54
Role: Elderly
Occupation: Railway Worker
Gender: Female
----------------------------------------
House: 75
ID: 273
Age: 57
Role: Elderly
Occupation: Factory Worker
Gender: Male
----------------------------------------
House: 75
ID: 274
Age: 7
Role: Student
Occupation: null
Gender: Male
----------------------------------------
House: 75
ID: 275
Age: 3
Role: Toddler
Occupation: null
Gender: Female
----------------------------------------
House: 75
ID: 276
Age: 15
Role: Student
Occupation: null
Gender: Male
----------------------------------------
House: 76
ID: 277
Age: 61
Role: Elderly
Occupation: Retired
Gender: Male
----------------------------------------
House: 76
ID: 278
Age: 34
Role: Adult
Occupation: Restaurant Worker
Gender: Male
----------------------------------------
House: 76
ID: 279
Age: 16
Role: Student
Occupation: null
Gender: Male
----------------------------------------
House: 77
ID: 280
Age: 26
Role: Adult
Occupation: Bus Driver
Gender: Female
----------------------------------------
House: 77
ID: 281
Age: 3
Role: Toddler
Occupation: null
Gender: Male
----------------------------------------
House: 77
ID: 282
Age: 20
Role: Adult
Occupation: Teacher
Gender: Female
----------------------------------------
House: 78
ID: 283
Age: 23
Role: Adult
Occupation: Petrol Station Worker
Gender: Male
----------------------------------------
House: 78
ID: 284
Age: 11
Role: Student
Occupation: null
Gender: Male
----------------------------------------
House: 78
ID: 285
Age: 8
Role: Student
Occupation: null
Gender: Female
----------------------------------------
House: 78
ID: 286
Age: 2
Role: Toddler
Occupation: null
Gender: Female
----------------------------------------
House: 79
ID: 287
Age: 42
Role: Elderly
Occupation: Mall Worker
Gender: Male
----------------------------------------
House: 79
ID: 288
Age: 32
Role: Adult
Occupation: School Janitor
Gender: Female
----------------------------------------
House: 79
ID: 289
Age: 8
Role: Student
Occupation: null
Gender: Female
----------------------------------------
House: 79
ID: 290
Age: 16
Role: Student
Occupation: null
Gender: Female
----------------------------------------
House: 80
ID: 291
Age: 32
Role: Adult
Occupation: Railway Worker
Gender: Female
----------------------------------------
House: 80
ID: 292
Age: 11
Role: Student
Occupation: null
Gender: Female
----------------------------------------
House: 81
ID: 293
Age: 57
Role: Elderly
Occupation: Petrol Station Worker
Gender: Female
----------------------------------------
House: 82
ID: 294
Age: 31
Role: Adult
Occupation: Taxi Driver
Gender: Male
----------------------------------------
House: 83
ID: 295
Age: 27
Role: Adult
Occupation: Teacher
Gender: Female
----------------------------------------
House: 83
ID: 296
Age: 22
Role: Adult
Occupation: Unemployed
Gender: Male
----------------------------------------
House: 83
ID: 297
Age: 58
Role: Elderly
Occupation: Unemployed
Gender: Female
----------------------------------------
House: 83
ID: 298
Age: 11
Role: Student
Occupation: null
Gender: Male
----------------------------------------
House: 83
ID: 299
Age: 19
Role: Adult
Occupation: Bus Driver
Gender: Female
----------------------------------------
House: 83
ID: 300
Age: 34
Role: Adult
Occupation: Restaurant Worker
Gender: Female
----------------------------------------
House: 84
ID: 301
Age: 49
Role: Elderly
Occupation: Petrol Station Worker
Gender: Male
----------------------------------------
House: 84
ID: 302
Age: 11
Role: Student
Occupation: null
Gender: Male
----------------------------------------
House: 84
ID: 303
Age: 60
Role: Elderly
Occupation: Retired
Gender: Female
----------------------------------------
House: 84
ID: 304
Age: 15
Role: Student
Occupation: null
Gender: Female
----------------------------------------
House: 85
ID: 305
Age: 32
Role: Adult
Occupation: Teacher
Gender: Male
----------------------------------------
House: 85
ID: 306
Age: 2
Role: Toddler
Occupation: null
Gender: Male
----------------------------------------
House: 85
ID: 307
Age: 6
Role: Toddler
Occupation: null
Gender: Female
----------------------------------------
House: 85
ID: 308
Age: 6
Role: Toddler
Occupation: null
Gender: Female
----------------------------------------
House: 85
ID: 309
Age: 3
Role: Toddler
Occupation: null
Gender: Male
----------------------------------------
House: 85
ID: 310
Age: 4
Role: Toddler
Occupation: null
Gender: Male
----------------------------------------
House: 86
ID: 311
Age: 21
Role: Adult
Occupation: Teacher
Gender: Male
----------------------------------------
House: 86
ID: 312
Age: 22
Role: Adult
Occupation: School Janitor
Gender: Female
----------------------------------------
House: 86
ID: 313
Age: 3
Role: Toddler
Occupation: null
Gender: Female
----------------------------------------
House: 86
ID: 314
Age: 15
Role: Student
Occupation: null
Gender: Female
----------------------------------------
House: 86
ID: 315
Age: 6
Role: Toddler
Occupation: null
Gender: Male
----------------------------------------
House: 87
ID: 316
Age: 61
Role: Elderly
Occupation: Retired
Gender: Male
----------------------------------------
House: 87
ID: 317
Age: 34
Role: Adult
Occupation: Bank Officer
Gender: Female
----------------------------------------
House: 88
ID: 318
Age: 46
Role: Elderly
Occupation: Bank Officer
Gender: Female
----------------------------------------
House: 88
ID: 319
Age: 3
Role: Toddler
Occupation: null
Gender: Female
----------------------------------------
House: 88
ID: 320
Age: 1
Role: Toddler
Occupation: null
Gender: Female
----------------------------------------
House: 88
ID: 321
Age: 3
Role: Toddler
Occupation: null
Gender: Male
----------------------------------------
House: 89
ID: 322
Age: 25
Role: Adult
Occupation: Healthcare Centre Worker
Gender: Female
----------------------------------------
House: 89
ID: 323
Age: 3
Role: Toddler
Occupation: null
Gender: Male
----------------------------------------
House: 89
ID: 324
Age: 55
Role: Elderly
Occupation: Bank Officer
Gender: Male
----------------------------------------
House: 90
ID: 325
Age: 53
Role: Elderly
Occupation: Police
Gender: Male
----------------------------------------
House: 90
ID: 326
Age: 1
Role: Toddler
Occupation: null
Gender: Male
----------------------------------------
House: 90
ID: 327
Age: 5
Role: Toddler
Occupation: null
Gender: Female
----------------------------------------
House: 90
ID: 328
Age: 4
Role: Toddler
Occupation: null
Gender: Female
----------------------------------------
House: 90
ID: 329
Age: 40
Role: Adult
Occupation: Factory Worker
Gender: Male
----------------------------------------
House: 90
ID: 330
Age: 4
Role: Toddler
Occupation: null
Gender: Male
----------------------------------------
House: 91
ID: 331
Age: 63
Role: Elderly
Occupation: Retired
Gender: Female
----------------------------------------
House: 92
ID: 332
Age: 43
Role: Elderly
Occupation: Bank Officer
Gender: Male
----------------------------------------
House: 92
ID: 333
Age: 28
Role: Adult
Occupation: Mall Worker
Gender: Female
----------------------------------------
House: 92
ID: 334
Age: 65
Role: Elderly
Occupation: Retired
Gender: Male
----------------------------------------
House: 93
ID: 335
Age: 68
Role: Elderly
Occupation: Retired
Gender: Female
----------------------------------------
House: 94
ID: 336
Age: 55
Role: Elderly
Occupation: Restaurant Worker
Gender: Female
----------------------------------------
House: 94
ID: 337
Age: 65
Role: Elderly
Occupation: Retired
Gender: Male
----------------------------------------
House: 94
ID: 338
Age: 6
Role: Toddler
Occupation: null
Gender: Male
----------------------------------------
House: 94
ID: 339
Age: 6
Role: Toddler
Occupation: null
Gender: Female
----------------------------------------
House: 94
ID: 340
Age: 36
Role: Adult
Occupation: Unemployed
Gender: Female
----------------------------------------
House: 95
ID: 341
Age: 63
Role: Elderly
Occupation: Retired
Gender: Male
----------------------------------------
House: 96
ID: 342
Age: 44
Role: Elderly
Occupation: Factory Worker
Gender: Female
----------------------------------------
House: 96
ID: 343
Age: 7
Role: Student
Occupation: null
Gender: Female
----------------------------------------
House: 96
ID: 344
Age: 6
Role: Toddler
Occupation: null
Gender: Male
----------------------------------------
House: 96
ID: 345
Age: 10
Role: Student
Occupation: null
Gender: Female
----------------------------------------
House: 96
ID: 346
Age: 15
Role: Student
Occupation: null
Gender: Female
----------------------------------------
House: 97
ID: 347
Age: 20
Role: Adult
Occupation: Restaurant Worker
Gender: Male
----------------------------------------
House: 97
ID: 348
Age: 50
Role: Elderly
Occupation: Mall Worker
Gender: Female
----------------------------------------
House: 97
ID: 349
Age: 48
Role: Elderly
Occupation: Factory Worker
Gender: Male
----------------------------------------
House: 98
ID: 350
Age: 26
Role: Adult
Occupation: Mall Worker
Gender: Female
----------------------------------------
House: 98
ID: 351
Age: 16
Role: Student
Occupation: null
Gender: Male
----------------------------------------
House: 98
ID: 352
Age: 14
Role: Student
Occupation: null
Gender: Female
----------------------------------------
House: 98
ID: 353
Age: 65
Role: Elderly
Occupation: Retired
Gender: Female
----------------------------------------
House: 98
ID: 354
Age: 16
Role: Student
Occupation: null
Gender: Female
----------------------------------------
House: 99
ID: 355
Age: 61
Role: Elderly
Occupation: Retired
Gender: Female
----------------------------------------
House: 100
ID: 356
Age: 42
Role: Elderly
Occupation: Police
Gender: Female
----------------------------------------
House: 100
ID: 357
Age: 20
Role: Adult
Occupation: Teacher
Gender: Female
----------------------------------------

