Jun 24, 2020 4:17:43 PM Main_2.PlaceLog activatePlaceLog
INFO: 
Flat
Slot 1:
5|6|7|8|9|16|17|18|19|20|21|
Slot 2:
7|9|16|19|20|
Slot 3:
17|
Slot 4:
17|
Slot 5:
6|
Slot 6:
5|16|17|18|21|
Slot 7:
5|6|16|17|
Slot 8:
6|7|16|17|20|
Slot 9:
5|6|16|17|18|19|21|
Slot 10:
5|6|7|8|9|16|17|18|19|20|21|
House A
Slot 1:
22|23|24|27|28|29|30|31|32|33|34|35|36|37|38|
Slot 2:
24|27|28|29|30|31|33|35|36|37|
Slot 3:
27|34|37|
Slot 4:
27|34|37|
Slot 5:
34|37|
Slot 6:
22|23|27|32|34|35|36|37|38|
Slot 7:
22|24|27|32|34|35|36|37|38|
Slot 8:
22|24|28|30|32|34|35|36|37|38|
Slot 9:
22|23|34|37|38|
Slot 10:
22|23|24|27|28|29|30|31|32|33|34|35|36|37|38|
House B
Slot 1:
25|26|
Slot 2:

Slot 3:
26|
Slot 4:
26|
Slot 5:
26|
Slot 6:
25|26|
Slot 7:
26|
Slot 8:
26|
Slot 9:
25|26|
Slot 10:
25|26|
House C
Slot 1:
1|2|3|4|10|11|12|13|14|15|
Slot 2:
1|2|10|14|15|
Slot 3:
11|12|14|
Slot 4:
11|12|14|
Slot 5:
12|14|15|
Slot 6:
2|3|11|12|13|14|15|
Slot 7:
2|3|11|12|13|14|
Slot 8:
2|3|11|12|13|
Slot 9:
2|4|10|15|
Slot 10:
1|2|3|4|10|11|12|13|14|15|
Playground
Slot 1:

Slot 2:

Slot 3:

Slot 4:

Slot 5:

Slot 6:
7|
Slot 7:
7|15|18|21|25|
Slot 8:
14|15|18|21|25|
Slot 9:

Slot 10:

Bus Stop
Slot 1:

Slot 2:

Slot 3:
19|
Slot 4:
19|
Slot 5:

Slot 6:
19|
Slot 7:
19|
Slot 8:
19|
Slot 9:

Slot 10:

Train Station
Slot 1:

Slot 2:

Slot 3:
21|31|33|
Slot 4:
21|31|33|
Slot 5:
31|
Slot 6:
31|33|
Slot 7:
31|33|
Slot 8:
31|
Slot 9:

Slot 10:

Petrol Station
Slot 1:

Slot 2:

Slot 3:
29|
Slot 4:
29|
Slot 5:

Slot 6:
6|24|29|
Slot 7:
29|
Slot 8:
29|
Slot 9:

Slot 10:

Primary School
Slot 1:
37|
Slot 2:
37|
Slot 3:
37|
Slot 4:
37|
Slot 5:
37|
Slot 6:
37|
Slot 7:
37|
Slot 8:
37|
Slot 9:
37|
Slot 10:
37|
Secondary School
Slot 1:
38|
Slot 2:
36|
Slot 3:
32|
Slot 4:
32|
Slot 5:
32|
Slot 6:
38|
Slot 7:
38|
Slot 8:
38|
Slot 9:
38|
Slot 10:
38|
Kindergarten
Slot 1:

Slot 2:

Slot 3:
13|18|35|
Slot 4:
13|35|
Slot 5:
13|35|
Slot 6:

Slot 7:

Slot 8:

Slot 9:

Slot 10:

Food Court
Slot 1:

Slot 2:
3|4|8|11|13|21|23|25|26|
Slot 3:
4|
Slot 4:
4|
Slot 5:
4|27|29|
Slot 6:
4|
Slot 7:
4|
Slot 8:
4|
Slot 9:
7|8|11|12|14|20|33|35|
Slot 10:

Mall
Slot 1:

Slot 2:

Slot 3:
6|
Slot 4:
6|
Slot 5:
5|10|19|38|
Slot 6:
20|28|
Slot 7:
20|28|
Slot 8:

Slot 9:

Slot 10:

Shop Lot
Slot 1:

Slot 2:
5|6|12|17|18|22|32|34|38|
Slot 3:

Slot 4:

Slot 5:
3|11|17|21|22|33|36|
Slot 6:

Slot 7:

Slot 8:
33|
Slot 9:
1|3|9|13|24|27|28|29|30|31|32|36|
Slot 10:

Field
Slot 1:

Slot 2:

Slot 3:

Slot 4:

Slot 5:

Slot 6:
30|
Slot 7:
23|30|
Slot 8:
23|
Slot 9:

Slot 10:

Police Station
Slot 1:

Slot 2:

Slot 3:
1|23|36|38|
Slot 4:
1|18|23|36|38|
Slot 5:
1|23|
Slot 6:
1|
Slot 7:
1|
Slot 8:
1|
Slot 9:

Slot 10:

Mosque
Slot 1:

Slot 2:

Slot 3:
9|25|
Slot 4:
9|25|
Slot 5:
9|18|25|
Slot 6:
9|
Slot 7:
9|
Slot 8:

Slot 9:

Slot 10:

Healthcare Centre
Slot 1:

Slot 2:

Slot 3:

Slot 4:

Slot 5:

Slot 6:

Slot 7:

Slot 8:

Slot 9:

Slot 10:

Bank
Slot 1:

Slot 2:

Slot 3:

Slot 4:

Slot 5:

Slot 6:

Slot 7:

Slot 8:

Slot 9:

Slot 10:

Market
Slot 1:

Slot 2:

Slot 3:

Slot 4:

Slot 5:

Slot 6:

Slot 7:

Slot 8:

Slot 9:

Slot 10:

Factory
Slot 1:

Slot 2:

Slot 3:
5|
Slot 4:
5|
Slot 5:

Slot 6:

Slot 7:

Slot 8:

Slot 9:

Slot 10:


