Jun 08, 2020 4:43:08 PM corona.PlaceLog activatePlaceLog
INFO: 
Flat
Slot 1:
17|18|19|20|21|22|23|24|25|26|27|28|52|53|80|81|82|83|84|85|103|104|105|110|111|112|113|114|115|125|126|136|137|138|139|140|145|146|147|148|149|150|151|152|155|194|195|196|197|214|215|216|217|218|219|225|226|227|228|229|230|237|243|244|259|260|261|262|263|264|272|273|274|329|330|331|332|333|334|346|347|348|349|350|351|352|353|354|355|
Slot 2:
19|20|21|24|26|27|28|80|81|84|110|115|126|137|138|145|146|147|148|151|152|155|196|214|216|225|228|229|230|243|244|262|264|272|274|330|331|332|346|347|351|353|355|
Slot 3:
19|20|21|23|26|28|52|80|82|84|103|105|112|114|126|136|146|149|155|194|218|219|226|261|263|273|332|350|355|
Slot 4:
19|20|21|23|26|28|52|80|82|84|103|105|112|114|126|136|146|149|155|194|218|219|226|261|263|273|332|350|355|
Slot 5:
17|18|23|24|27|28|52|80|81|83|105|110|113|125|145|147|148|149|151|152|155|194|195|196|215|217|219|225|226|227|228|229|230|243|262|273|330|331|346|348|351|355|
Slot 6:
17|19|20|23|24|25|26|52|53|81|82|83|103|104|105|111|125|126|145|146|194|196|219|227|229|230|237|259|263|272|330|331|332|334|348|349|351|
Slot 7:
17|19|20|23|24|25|26|52|53|81|82|83|103|104|105|111|125|126|145|146|194|196|219|227|229|230|237|259|263|272|330|331|332|334|348|349|351|
Slot 8:
17|19|20|23|24|25|26|52|53|81|82|83|103|104|105|111|125|126|145|146|194|196|219|227|229|230|237|259|263|272|330|331|332|334|348|349|351|
Slot 9:
20|23|26|27|28|52|53|81|83|103|105|110|112|126|137|139|140|145|147|151|155|194|195|214|226|227|230|237|244|259|261|263|264|274|330|331|334|346|347|350|354|355|
Slot 10:
17|18|19|20|21|22|23|24|25|26|27|28|52|53|80|81|82|83|84|85|103|104|105|110|111|112|113|114|115|125|126|136|137|138|139|140|145|146|147|148|149|150|151|152|155|194|195|196|197|214|215|216|217|218|219|225|226|227|228|229|230|237|243|244|259|260|261|262|263|264|272|273|274|329|330|331|332|333|334|346|347|348|349|350|351|352|353|354|355|
House A
Slot 1:
2|7|29|30|33|34|35|36|37|38|39|40|41|42|43|48|49|50|51|54|55|56|93|94|95|96|162|163|164|165|166|167|176|177|178|209|210|211|212|213|220|221|222|223|224|231|232|233|234|235|236|245|246|247|248|249|253|254|255|256|257|258|265|266|267|268|269|275|276|277|278|279|295|296|297|298|299|300|301|302|303|310|311|312|313|314|321|322|323|324|325|345|
Slot 2:
2|30|37|40|41|42|50|51|54|55|56|93|94|95|163|165|177|178|209|210|212|220|222|224|232|233|234|245|247|249|253|256|258|265|266|275|278|295|296|299|302|303|312|314|321|322|323|325|345|
Slot 3:
2|7|29|30|33|36|37|40|48|50|54|93|94|96|163|165|211|212|235|236|245|246|247|268|275|277|278|296|297|298|302|313|314|
Slot 4:
2|7|29|30|33|36|37|40|48|50|54|93|94|96|163|165|211|212|235|236|245|246|247|268|275|277|278|296|297|298|302|313|314|
Slot 5:
29|30|33|36|37|38|39|40|42|48|50|51|93|94|95|164|166|176|178|213|222|224|232|233|234|235|246|247|254|256|266|267|268|277|278|279|296|297|299|300|301|303|310|311|314|345|
Slot 6:
33|41|43|48|54|93|95|162|176|220|222|232|234|235|246|249|254|255|269|275|278|296|297|299|310|312|313|314|323|
Slot 7:
33|41|43|48|54|93|95|162|176|220|222|232|234|235|246|249|254|255|269|275|278|296|297|299|310|312|313|314|323|
Slot 8:
33|41|43|48|54|93|95|162|176|220|222|232|234|235|246|249|254|255|269|275|278|296|297|299|310|312|313|314|323|
Slot 9:
2|33|36|38|39|40|42|43|51|56|166|167|177|209|210|213|220|221|222|233|245|246|249|253|254|256|265|266|267|275|276|295|296|297|298|301|303|310|311|322|323|324|325|345|
Slot 10:
2|7|29|30|33|34|35|36|37|38|39|40|41|42|43|48|49|50|51|54|55|56|93|94|95|96|162|163|164|165|166|167|176|177|178|209|210|211|212|213|220|221|222|223|224|231|232|233|234|235|236|245|246|247|248|249|253|254|255|256|257|258|265|266|267|268|269|275|276|277|278|279|295|296|297|298|299|300|301|302|303|310|311|312|313|314|321|322|323|324|325|345|
House B
Slot 1:
1|13|14|15|16|31|32|47|57|58|64|65|66|67|68|69|72|73|74|75|76|77|78|79|86|87|88|89|90|91|92|97|98|99|100|101|102|120|121|122|123|124|132|133|134|135|171|172|173|174|175|179|180|181|182|183|188|189|190|191|192|193|238|239|240|241|242|250|251|252|280|281|282|283|284|285|286|308|309|315|316|317|318|319|320|326|327|328|341|342|343|344|359|
Slot 2:
1|14|15|16|31|47|58|67|68|69|73|74|75|77|79|97|98|99|100|121|123|133|173|174|175|181|188|189|190|192|239|240|242|250|251|280|281|283|285|315|316|320|326|341|342|
Slot 3:
13|57|65|67|68|72|74|79|87|89|90|97|101|102|135|174|182|183|191|193|240|242|251|283|285|308|315|317|319|320|326|
Slot 4:
13|57|65|67|68|72|74|79|87|89|90|97|101|102|135|174|182|183|191|193|240|242|251|283|285|308|315|317|319|320|326|
Slot 5:
15|32|57|66|72|73|74|76|79|88|89|90|92|97|100|102|122|123|132|172|174|175|179|182|183|189|190|192|240|242|250|280|281|283|308|315|317|318|319|341|342|343|
Slot 6:
16|32|58|69|75|76|87|89|91|99|100|101|120|121|134|171|181|238|242|250|251|286|309|316|317|318|359|
Slot 7:
16|32|58|69|75|76|87|89|91|99|100|101|120|121|134|171|181|238|242|250|251|286|309|316|317|318|359|
Slot 8:
16|32|58|69|75|76|87|89|91|99|100|101|120|121|134|171|181|238|242|250|251|286|309|316|317|318|359|
Slot 9:
16|32|47|68|69|73|77|78|79|87|88|89|90|91|100|102|120|121|122|123|132|134|135|171|179|181|189|190|191|193|239|240|241|242|251|252|280|282|285|286|309|315|316|317|318|320|326|327|341|342|343|344|359|
Slot 10:
1|13|14|15|16|31|32|47|57|58|64|65|66|67|68|69|72|73|74|75|76|77|78|79|86|87|88|89|90|91|92|97|98|99|100|101|102|120|121|122|123|124|132|133|134|135|171|172|173|174|175|179|180|181|182|183|188|189|190|191|192|193|238|239|240|241|242|250|251|252|280|281|282|283|284|285|286|308|309|315|316|317|318|319|320|326|327|328|341|342|343|344|359|
House C
Slot 1:
3|4|5|6|8|9|10|11|12|44|45|46|59|60|61|62|63|70|71|106|107|108|109|116|117|118|119|127|128|129|130|131|141|142|143|144|153|154|156|157|158|159|160|161|168|169|170|184|185|186|187|198|199|200|201|202|203|204|205|206|207|208|270|271|287|288|289|290|291|292|293|294|304|305|306|307|335|336|337|338|339|340|356|357|358|
Slot 2:
4|6|9|45|59|60|70|107|109|117|118|119|127|128|130|131|141|142|144|153|156|159|160|184|186|201|202|204|205|208|270|287|290|291|292|293|294|305|306|335|337|338|357|
Slot 3:
4|5|10|12|44|45|63|70|71|106|117|129|141|143|144|153|159|160|168|170|184|185|186|199|200|208|271|288|289|293|304|306|307|335|336|337|339|340|357|
Slot 4:
4|5|10|12|44|45|63|70|71|106|117|129|141|143|144|153|159|160|168|170|184|185|186|199|200|208|271|288|289|293|304|306|307|335|336|337|339|340|357|
Slot 5:
3|5|8|9|45|46|62|63|70|109|117|118|127|128|130|131|141|143|154|156|157|159|168|169|185|187|198|201|202|204|205|206|270|271|289|291|292|293|305|306|335|336|338|339|358|
Slot 6:
5|6|12|45|61|63|106|107|108|109|118|119|129|131|141|142|144|156|157|158|159|169|185|205|270|271|287|288|290|304|306|338|356|
Slot 7:
5|6|12|45|61|63|106|107|108|109|118|119|129|131|141|142|144|156|157|158|159|169|185|205|270|271|287|288|290|304|306|338|356|
Slot 8:
5|6|12|45|61|63|106|107|108|109|118|119|129|131|141|142|144|156|157|158|159|169|185|205|270|271|287|288|290|304|306|338|356|
Slot 9:
3|4|6|10|11|60|62|70|71|107|109|116|119|127|131|141|143|144|153|154|156|157|158|168|169|184|186|187|198|199|201|202|203|207|271|289|290|292|293|305|306|307|336|339|340|356|358|
Slot 10:
3|4|5|6|8|9|10|11|12|44|45|46|59|60|61|62|63|70|71|106|107|108|109|116|117|118|119|127|128|129|130|131|141|142|143|144|153|154|156|157|158|159|160|161|168|169|170|184|185|186|187|198|199|200|201|202|203|204|205|206|207|208|270|271|287|288|289|290|291|292|293|294|304|305|306|307|335|336|337|338|339|340|356|357|358|
Playground
Slot 1:

Slot 2:

Slot 3:
287|
Slot 4:
287|
Slot 5:

Slot 6:
15|50|55|68|70|175|253|283|293|303|353|
Slot 7:
15|50|55|68|70|175|253|283|293|303|353|
Slot 8:
15|50|55|68|70|175|253|283|293|303|353|
Slot 9:

Slot 10:

Bus Stop
Slot 1:

Slot 2:

Slot 3:
8|46|88|138|171|217|316|
Slot 4:
8|46|88|138|171|217|316|
Slot 5:

Slot 6:
65|84|114|140|180|188|195|212|247|298|329|
Slot 7:
65|84|114|140|180|188|195|212|247|298|329|
Slot 8:
65|84|114|140|180|188|195|212|247|298|329|
Slot 9:

Slot 10:

Train Station
Slot 1:

Slot 2:

Slot 3:
18|39|107|108|148|173|258|359|
Slot 4:
18|39|107|108|148|173|258|359|
Slot 5:

Slot 6:
3|182|186|199|210|258|294|
Slot 7:
3|182|186|199|210|258|294|
Slot 8:
3|182|186|199|210|258|294|
Slot 9:

Slot 10:

Petrol Station
Slot 1:

Slot 2:

Slot 3:
98|115|127|150|154|215|341|
Slot 4:
98|115|127|150|154|215|341|
Slot 5:

Slot 6:
1|110|136|160|174|201|207|217|265|335|336|
Slot 7:
1|110|136|160|174|201|207|217|265|335|336|
Slot 8:
1|110|136|160|174|201|207|217|265|335|336|
Slot 9:

Slot 10:

Primary School
Slot 1:
351|
Slot 2:
351|
Slot 3:
339|
Slot 4:
339|
Slot 5:
351|
Slot 6:
351|
Slot 7:
351|
Slot 8:
351|
Slot 9:
344|
Slot 10:
351|
Secondary School
Slot 1:
359|
Slot 2:
357|
Slot 3:
357|
Slot 4:
357|
Slot 5:
358|
Slot 6:
359|
Slot 7:
359|
Slot 8:
359|
Slot 9:
359|
Slot 10:
359|
Kindergarten
Slot 1:

Slot 2:

Slot 3:
116|139|140|178|213|230|234|250|348|352|
Slot 4:
116|139|140|178|213|230|234|250|348|352|
Slot 5:

Slot 6:
153|170|262|308|322|
Slot 7:
153|170|262|308|322|
Slot 8:
153|170|262|308|322|
Slot 9:

Slot 10:

Food Court
Slot 1:

Slot 2:
3|8|12|18|25|33|34|35|46|48|52|53|61|65|66|76|83|88|90|96|102|103|104|106|108|111|112|113|114|120|125|129|134|136|140|149|150|154|157|158|162|164|166|167|168|169|179|183|194|198|199|200|213|219|223|226|227|235|236|238|241|246|252|254|257|271|276|282|284|286|288|289|301|307|308|310|317|324|327|329|333|334|336|343|344|352|354|356|
Slot 3:
3|25|31|77|81|133|161|180|206|210|223|229|239|253|310|356|
Slot 4:
3|25|31|77|81|133|161|180|206|210|223|229|239|253|310|356|
Slot 5:
1|19|20|22|31|47|58|60|65|67|69|71|84|85|86|98|103|104|114|134|136|140|150|161|180|193|197|203|210|212|214|218|223|237|252|255|269|276|282|285|286|326|332|340|352|356|357|
Slot 6:
85|187|264|268|292|358|
Slot 7:
85|187|264|268|292|358|
Slot 8:
85|187|264|268|292|358|
Slot 9:
1|5|7|12|13|17|18|19|22|34|35|37|41|48|55|57|58|64|66|72|75|80|86|93|94|96|97|101|104|106|108|111|113|128|129|136|138|142|148|149|152|159|163|164|165|170|173|174|175|178|182|183|192|197|208|211|229|231|235|243|247|248|250|255|257|258|260|268|272|273|278|279|284|291|300|308|312|313|314|335|349|357|
Slot 10:

Mall
Slot 1:

Slot 2:

Slot 3:
1|6|9|11|16|17|22|24|27|34|38|41|42|43|47|49|51|53|55|56|59|60|61|64|66|69|76|83|85|86|92|95|99|100|104|110|111|118|120|121|122|124|125|130|131|132|137|147|152|156|157|158|162|164|167|169|172|175|177|179|181|187|188|189|190|192|195|196|197|201|202|204|207|209|216|220|221|222|224|225|227|228|231|233|237|238|241|243|244|248|252|255|256|257|259|260|262|265|266|267|270|272|274|276|279|284|290|291|292|294|300|301|303|305|311|318|321|322|323|325|327|328|331|333|334|342|346|349|351|353|354|358|
Slot 4:
1|6|9|11|16|17|22|24|27|34|38|41|42|43|47|49|51|53|55|56|59|60|61|64|66|69|76|83|85|86|92|95|99|100|104|110|111|118|120|121|122|124|125|130|131|132|137|147|152|156|157|158|162|164|167|169|172|175|177|179|181|187|188|189|190|192|195|196|197|201|202|204|207|209|216|220|221|222|224|225|227|228|231|233|237|238|241|243|244|248|252|255|256|257|259|260|262|265|266|267|270|272|274|276|279|284|290|291|292|294|300|301|303|305|311|318|321|322|323|325|327|328|331|333|334|342|346|349|351|353|354|358|
Slot 5:
4|7|11|12|16|21|34|41|43|44|49|53|55|61|64|68|78|87|91|96|101|106|111|116|119|121|124|126|133|135|137|138|139|142|146|153|158|162|163|167|171|173|177|186|208|221|231|241|248|249|251|253|257|259|263|272|274|275|287|288|294|298|304|312|316|321|322|323|325|327|328|329|333|337|344|347|350|354|359|
Slot 6:
2|4|7|9|10|11|13|14|18|21|22|29|31|34|35|36|37|39|40|42|49|51|56|57|59|60|62|64|71|73|79|86|88|90|92|97|98|102|112|113|115|117|122|123|124|127|132|133|137|138|143|147|148|149|151|152|154|161|164|165|167|168|172|177|178|183|184|190|192|198|200|202|203|204|206|211|213|214|215|221|223|224|231|233|236|239|241|243|244|245|248|252|256|260|266|273|279|281|282|284|289|291|295|300|302|305|307|311|319|320|321|324|325|326|327|328|337|339|340|342|345|346|347|354|355|357|
Slot 7:
2|4|7|9|10|11|13|14|18|21|22|29|31|34|35|36|37|39|40|42|49|51|56|57|59|60|62|64|71|73|79|86|88|90|92|97|98|102|112|113|115|117|122|123|124|127|132|133|137|138|143|147|148|149|151|152|154|161|164|165|167|168|172|177|178|183|184|190|192|198|200|202|203|204|206|211|213|214|215|221|223|224|231|233|236|239|241|243|244|245|248|252|256|260|266|273|279|281|282|284|289|291|295|300|302|305|307|311|319|320|321|324|325|326|327|328|337|339|340|342|345|346|347|354|355|357|
Slot 8:
2|4|7|9|10|11|13|14|18|21|22|29|31|34|35|36|37|39|40|42|49|51|56|57|59|60|62|64|71|73|79|86|88|90|92|97|98|102|112|113|115|117|122|123|124|127|132|133|137|138|143|147|148|149|151|152|154|161|164|165|167|168|172|177|178|183|184|190|192|198|200|202|203|204|206|211|213|214|215|221|223|224|231|233|236|239|241|243|244|245|248|252|256|260|266|273|279|281|282|284|289|291|295|300|302|305|307|311|319|320|321|324|325|326|327|328|337|339|340|342|345|346|347|354|355|357|
Slot 9:

Slot 10:

Shop Lot
Slot 1:

Slot 2:
5|7|10|11|13|17|22|23|29|32|36|38|39|43|44|49|57|62|63|64|71|72|78|82|85|86|87|89|91|92|101|105|116|122|124|132|135|139|143|161|170|171|172|176|180|182|185|187|191|193|195|197|203|206|207|211|215|217|218|221|231|237|248|255|259|260|261|263|267|268|269|273|277|279|297|298|300|304|309|311|313|318|319|328|339|340|348|349|350|358|359|
Slot 3:
73|75|78|269|338|345|
Slot 4:
73|75|78|269|338|345|
Slot 5:
2|6|10|13|14|25|26|35|54|56|59|75|77|82|99|107|108|112|115|120|129|144|160|165|170|181|184|188|191|199|200|207|209|211|216|220|236|238|239|244|245|258|260|261|264|265|284|290|295|302|307|309|313|320|324|334|349|353|
Slot 6:
38|67|116|128|197|218|261|
Slot 7:
38|67|116|128|197|218|261|
Slot 8:
38|67|116|128|197|218|261|
Slot 9:
8|9|14|15|21|24|25|29|30|31|44|45|46|49|50|54|59|61|63|65|67|74|76|82|84|85|92|95|98|99|114|115|117|118|124|125|130|133|146|150|160|161|162|172|176|180|185|188|196|200|204|205|206|212|215|216|217|218|219|223|224|225|228|232|234|236|238|262|269|270|277|281|283|287|288|294|299|302|304|319|321|328|329|332|333|337|338|348|351|352|353|
Slot 10:

Field
Slot 1:

Slot 2:

Slot 3:
330|
Slot 4:
330|
Slot 5:

Slot 6:
8|66|74|96|226|277|285|343|
Slot 7:
8|66|74|96|226|277|285|343|
Slot 8:
8|66|74|96|226|277|285|343|
Slot 9:

Slot 10:

Police Station
Slot 1:

Slot 2:

Slot 3:
32|151|205|280|329|
Slot 4:
32|151|205|280|329|
Slot 5:

Slot 6:
150|173|267|276|
Slot 7:
150|173|267|276|
Slot 8:
150|173|267|276|
Slot 9:

Slot 10:

Mosque
Slot 1:

Slot 2:

Slot 3:
14|91|166|203|254|286|309|324|347|
Slot 4:
14|91|166|203|254|286|309|324|347|
Slot 5:

Slot 6:
77|135|163|209|
Slot 7:
77|135|163|209|
Slot 8:
77|135|163|209|
Slot 9:

Slot 10:

Healthcare Centre
Slot 1:

Slot 2:

Slot 3:
35|62|142|145|198|232|264|312|
Slot 4:
35|62|142|145|198|232|264|312|
Slot 5:

Slot 6:
155|216|274|
Slot 7:
155|216|274|
Slot 8:
155|216|274|
Slot 9:

Slot 10:

Bank
Slot 1:

Slot 2:

Slot 3:
15|113|119|123|134|176|214|282|295|343|
Slot 4:
15|113|119|123|134|176|214|282|295|343|
Slot 5:

Slot 6:
27|30|139|189|225|240|315|
Slot 7:
27|30|139|189|225|240|315|
Slot 8:
27|30|139|189|225|240|315|
Slot 9:

Slot 10:

Market
Slot 1:

Slot 2:

Slot 3:
58|128|249|281|344|
Slot 4:
58|128|249|281|344|
Slot 5:

Slot 6:
28|47|80|94|166|179|228|257|280|333|341|344|350|352|
Slot 7:
28|47|80|94|166|179|228|257|280|333|341|344|350|352|
Slot 8:
28|47|80|94|166|179|228|257|280|333|341|344|350|352|
Slot 9:

Slot 10:


