Jun 08, 2020 4:43:07 PM corona.PlaceLog activatePlaceLog
INFO: 
Flat
Slot 1:
17|18|19|20|21|22|23|24|25|26|27|28|52|53|80|81|82|83|84|85|103|104|105|110|111|112|113|114|115|125|126|136|137|138|139|140|145|146|147|148|149|150|151|152|155|194|195|196|197|214|215|216|217|218|219|225|226|227|228|229|230|237|243|244|259|260|261|262|263|264|272|273|274|329|330|331|332|333|334|346|347|348|349|350|351|352|353|354|355|
Slot 2:
17|18|19|20|23|24|25|27|28|80|82|105|112|115|126|138|139|140|145|151|194|215|218|225|226|227|228|259|260|262|274|329|331|332|346|347|348|349|350|351|352|353|
Slot 3:
18|21|25|26|80|81|84|85|103|104|115|136|138|148|149|150|155|194|196|215|216|219|228|229|230|237|262|330|332|333|334|349|350|351|
Slot 4:
18|21|25|26|80|81|84|85|103|104|115|136|138|148|149|150|155|194|196|215|216|219|228|229|230|237|262|330|332|333|334|349|350|351|
Slot 5:
18|21|25|26|28|52|81|82|84|104|105|114|125|138|148|152|194|196|197|214|216|218|219|226|228|229|237|260|261|262|264|273|329|330|332|334|346|347|348|349|351|353|
Slot 6:
17|18|19|23|24|25|26|28|80|81|83|85|103|104|105|112|113|114|125|137|138|146|152|194|215|217|226|227|244|259|260|261|262|263|347|349|351|354|355|
Slot 7:
17|18|19|23|24|25|26|28|80|81|83|85|103|104|105|112|113|114|125|137|138|146|152|194|215|217|226|227|244|259|260|261|262|263|347|349|351|354|355|
Slot 8:
17|18|19|23|24|25|26|28|80|81|83|85|103|104|105|112|113|114|125|137|138|146|152|194|215|217|226|227|244|259|260|261|262|263|347|349|351|354|355|
Slot 9:
18|22|23|25|27|28|52|81|82|85|105|111|112|114|115|137|138|139|146|147|148|149|152|155|194|195|197|214|215|219|226|227|230|244|259|260|264|272|274|355|
Slot 10:
17|18|19|20|21|22|23|24|25|26|27|28|52|53|80|81|82|83|84|85|103|104|105|110|111|112|113|114|115|125|126|136|137|138|139|140|145|146|147|148|149|150|151|152|155|194|195|196|197|214|215|216|217|218|219|225|226|227|228|229|230|237|243|244|259|260|261|262|263|264|272|273|274|329|330|331|332|333|334|346|347|348|349|350|351|352|353|354|355|
House A
Slot 1:
2|7|29|30|33|34|35|36|37|38|39|40|41|42|43|48|49|50|51|54|55|56|93|94|95|96|162|163|164|165|166|167|176|177|178|209|210|211|212|213|220|221|222|223|224|231|232|233|234|235|236|245|246|247|248|249|253|254|255|256|257|258|265|266|267|268|269|275|276|277|278|279|295|296|297|298|299|300|301|302|303|310|311|312|313|314|321|322|323|324|325|345|
Slot 2:
7|30|33|34|37|38|41|42|43|48|49|51|54|94|96|162|163|166|176|177|178|209|211|220|221|232|233|236|246|247|248|249|253|254|256|265|266|267|268|269|277|299|301|302|312|314|321|323|324|325|
Slot 3:
35|40|43|51|93|96|166|176|211|232|233|234|245|246|255|266|267|268|275|278|295|302|303|310|312|324|345|
Slot 4:
35|40|43|51|93|96|166|176|211|232|233|234|245|246|255|266|267|268|275|278|295|302|303|310|312|324|345|
Slot 5:
2|29|34|36|41|48|51|54|56|94|96|162|163|164|165|167|176|178|210|212|213|220|221|223|233|234|236|245|246|267|268|269|275|276|279|296|301|312|313|323|345|
Slot 6:
2|7|33|35|54|56|94|95|96|162|163|164|176|177|210|213|222|224|231|233|236|245|247|265|266|267|268|276|277|279|296|297|298|299|302|311|312|323|325|
Slot 7:
2|7|33|35|54|56|94|95|96|162|163|164|176|177|210|213|222|224|231|233|236|245|247|265|266|267|268|276|277|279|296|297|298|299|302|311|312|323|325|
Slot 8:
2|7|33|35|54|56|94|95|96|162|163|164|176|177|210|213|222|224|231|233|236|245|247|265|266|267|268|276|277|279|296|297|298|299|302|311|312|323|325|
Slot 9:
2|7|29|34|35|37|38|39|40|42|50|51|54|56|96|165|166|176|178|209|211|213|221|223|233|246|248|249|253|254|255|257|266|267|268|269|275|276|278|279|301|310|312|313|314|321|322|323|325|345|
Slot 10:
2|7|29|30|33|34|35|36|37|38|39|40|41|42|43|48|49|50|51|54|55|56|93|94|95|96|162|163|164|165|166|167|176|177|178|209|210|211|212|213|220|221|222|223|224|231|232|233|234|235|236|245|246|247|248|249|253|254|255|256|257|258|265|266|267|268|269|275|276|277|278|279|295|296|297|298|299|300|301|302|303|310|311|312|313|314|321|322|323|324|325|345|
House B
Slot 1:
1|13|14|15|16|31|32|47|57|58|64|65|66|67|68|69|72|73|74|75|76|77|78|79|86|87|88|89|90|91|92|97|98|99|100|101|102|120|121|122|123|124|132|133|134|135|171|172|173|174|175|179|180|181|182|183|188|189|190|191|192|193|238|239|240|241|242|250|251|252|280|281|282|283|284|285|286|308|309|315|316|317|318|319|320|326|327|328|341|342|343|344|359|
Slot 2:
14|15|16|31|64|67|69|72|76|77|79|86|87|88|89|91|97|98|122|123|132|133|134|172|173|175|179|182|183|193|238|239|241|242|250|252|280|281|282|283|284|285|308|309|328|341|342|343|359|
Slot 3:
13|15|32|64|65|68|69|74|79|89|90|91|100|102|120|122|133|134|171|175|179|180|188|191|192|238|250|281|315|320|
Slot 4:
13|15|32|64|65|68|69|74|79|89|90|91|100|102|120|122|133|134|171|175|179|180|188|191|192|238|250|281|315|320|
Slot 5:
1|13|16|31|57|58|64|66|67|69|72|76|77|88|89|90|97|98|99|100|101|102|120|121|122|133|134|135|171|175|183|188|189|190|192|242|250|280|281|285|286|308|315|316|317|318|326|328|341|342|344|
Slot 6:
32|47|58|64|68|74|76|79|87|89|98|101|120|122|123|132|134|171|174|238|240|242|283|284|286|309|318|343|
Slot 7:
32|47|58|64|68|74|76|79|87|89|98|101|120|122|123|132|134|171|174|238|240|242|283|284|286|309|318|343|
Slot 8:
32|47|58|64|68|74|76|79|87|89|98|101|120|122|123|132|134|171|174|238|240|242|283|284|286|309|318|343|
Slot 9:
1|13|15|32|47|57|58|72|77|78|79|86|91|92|98|100|120|122|123|135|171|174|182|183|192|193|240|250|252|280|282|286|309|315|316|317|318|319|326|327|328|341|342|359|
Slot 10:
1|13|14|15|16|31|32|47|57|58|64|65|66|67|68|69|72|73|74|75|76|77|78|79|86|87|88|89|90|91|92|97|98|99|100|101|102|120|121|122|123|124|132|133|134|135|171|172|173|174|175|179|180|181|182|183|188|189|190|191|192|193|238|239|240|241|242|250|251|252|280|281|282|283|284|285|286|308|309|315|316|317|318|319|320|326|327|328|341|342|343|344|359|
House C
Slot 1:
3|4|5|6|8|9|10|11|12|44|45|46|59|60|61|62|63|70|71|106|107|108|109|116|117|118|119|127|128|129|130|131|141|142|143|144|153|154|156|157|158|159|160|161|168|169|170|184|185|186|187|198|199|200|201|202|203|204|205|206|207|208|270|271|287|288|289|290|291|292|293|294|304|305|306|307|335|336|337|338|339|340|356|357|358|
Slot 2:
3|4|6|11|12|46|59|62|63|70|108|109|116|117|119|127|128|129|131|144|154|158|185|187|199|201|202|203|204|206|207|270|290|291|292|293|305|339|356|358|
Slot 3:
9|10|46|59|60|61|116|127|128|131|142|154|156|159|168|186|200|205|270|271|287|288|289|291|294|305|335|336|337|357|358|
Slot 4:
9|10|46|59|60|61|116|127|128|131|142|154|156|159|168|186|200|205|270|271|287|288|289|291|294|305|335|336|337|357|358|
Slot 5:
3|8|10|45|59|61|63|107|109|116|118|119|127|130|131|141|143|154|158|168|169|170|185|198|201|202|205|206|207|208|287|289|292|304|306|307|335|338|340|358|
Slot 6:
4|5|8|10|11|12|44|46|59|60|62|63|71|108|116|119|127|130|141|143|156|158|160|170|184|186|187|198|199|202|204|205|206|270|271|287|288|293|306|336|339|340|
Slot 7:
4|5|8|10|11|12|44|46|59|60|62|63|71|108|116|119|127|130|141|143|156|158|160|170|184|186|187|198|199|202|204|205|206|270|271|287|288|293|306|336|339|340|
Slot 8:
4|5|8|10|11|12|44|46|59|60|62|63|71|108|116|119|127|130|141|143|156|158|160|170|184|186|187|198|199|202|204|205|206|270|271|287|288|293|306|336|339|340|
Slot 9:
5|8|9|10|11|63|70|71|107|117|118|119|127|128|129|130|131|141|142|154|156|157|158|159|160|161|168|170|184|187|198|199|200|201|206|208|270|271|287|290|335|336|337|338|339|356|357|
Slot 10:
3|4|5|6|8|9|10|11|12|44|45|46|59|60|61|62|63|70|71|106|107|108|109|116|117|118|119|127|128|129|130|131|141|142|143|144|153|154|156|157|158|159|160|161|168|169|170|184|185|186|187|198|199|200|201|202|203|204|205|206|207|208|270|271|287|288|289|290|291|292|293|294|304|305|306|307|335|336|337|338|339|340|356|357|358|
Playground
Slot 1:

Slot 2:

Slot 3:
1|50|72|94|112|139|181|182|280|296|
Slot 4:
1|50|72|94|112|139|181|182|280|296|
Slot 5:

Slot 6:
93|179|258|300|348|
Slot 7:
93|179|258|300|348|
Slot 8:
93|179|258|300|348|
Slot 9:

Slot 10:

Bus Stop
Slot 1:

Slot 2:

Slot 3:
49|57|70|207|208|226|227|340|355|
Slot 4:
49|57|70|207|208|226|227|340|355|
Slot 5:

Slot 6:
30|31|36|51|165|235|275|324|
Slot 7:
30|31|36|51|165|235|275|324|
Slot 8:
30|31|36|51|165|235|275|324|
Slot 9:

Slot 10:

Train Station
Slot 1:

Slot 2:

Slot 3:
16|29|55|71|152|212|214|223|258|306|316|356|
Slot 4:
16|29|55|71|152|212|214|223|258|306|316|356|
Slot 5:

Slot 6:
6|41|77|145|148|190|249|257|321|327|
Slot 7:
6|41|77|145|148|190|249|257|321|327|
Slot 8:
6|41|77|145|148|190|249|257|321|327|
Slot 9:

Slot 10:

Petrol Station
Slot 1:

Slot 2:

Slot 3:
4|137|141|173|240|293|
Slot 4:
4|137|141|173|240|293|
Slot 5:

Slot 6:
40|69|78|110|168|169|175|201|219|243|252|305|310|326|
Slot 7:
40|69|78|110|168|169|175|201|219|243|252|305|310|326|
Slot 8:
40|69|78|110|168|169|175|201|219|243|252|305|310|326|
Slot 9:

Slot 10:

Primary School
Slot 1:
351|
Slot 2:
351|
Slot 3:
351|
Slot 4:
351|
Slot 5:
351|
Slot 6:
351|
Slot 7:
351|
Slot 8:
351|
Slot 9:
342|
Slot 10:
351|
Secondary School
Slot 1:
359|
Slot 2:
359|
Slot 3:
358|
Slot 4:
358|
Slot 5:
358|
Slot 6:
355|
Slot 7:
355|
Slot 8:
355|
Slot 9:
359|
Slot 10:
359|
Kindergarten
Slot 1:

Slot 2:

Slot 3:
38|62|83|299|311|343|344|
Slot 4:
38|62|83|299|311|343|344|
Slot 5:

Slot 6:
150|230|246|253|269|319|342|
Slot 7:
150|230|246|253|269|319|342|
Slot 8:
150|230|246|253|269|319|342|
Slot 9:

Slot 10:

Food Court
Slot 1:

Slot 2:
1|10|29|39|40|44|45|47|52|55|57|60|65|68|71|78|83|84|85|90|93|95|100|101|102|106|110|111|114|118|120|121|125|130|136|146|147|148|150|152|155|160|164|169|170|171|174|180|184|188|189|191|195|196|200|205|208|210|212|214|217|222|229|231|234|240|243|245|251|255|258|261|264|275|276|278|289|295|300|303|306|310|313|315|316|333|334|335|336|345|354|
Slot 3:
95|172|183|190|209|210|213|247|260|283|321|328|348|
Slot 4:
95|172|183|190|209|210|213|247|260|283|321|328|348|
Slot 5:
5|15|27|42|47|50|53|73|74|79|80|87|106|108|113|129|136|150|155|157|173|179|184|186|195|199|215|238|239|241|251|253|255|256|263|266|274|283|284|291|293|298|299|300|309|311|336|352|354|356|357|359|
Slot 6:
15|52|82|131|136|197|208|255|341|
Slot 7:
15|52|82|131|136|197|208|255|341|
Slot 8:
15|52|82|131|136|197|208|255|341|
Slot 9:
3|4|12|16|17|19|31|33|36|41|48|53|60|61|62|65|66|69|73|76|80|83|87|89|90|94|99|101|103|106|108|109|113|124|125|132|134|136|140|143|144|145|150|151|153|162|164|169|172|173|175|177|179|180|181|189|190|196|203|204|216|217|218|220|222|224|225|231|232|234|237|239|241|242|243|245|258|261|263|273|277|281|284|288|293|295|296|297|299|306|324|333|340|344|347|350|351|358|
Slot 10:

Mall
Slot 1:

Slot 2:

Slot 3:
2|3|5|6|7|8|12|19|20|24|31|33|34|41|42|45|47|48|54|63|66|67|73|76|78|86|87|88|92|97|98|99|101|105|107|108|109|110|113|114|117|118|119|123|124|125|126|129|130|140|144|145|146|151|153|157|160|161|162|163|164|165|167|169|174|177|178|184|185|187|189|193|197|199|201|202|203|204|206|217|218|221|222|225|235|236|242|243|244|249|252|253|254|256|257|261|263|264|265|269|272|273|274|276|277|279|282|284|285|286|290|292|297|298|300|301|304|307|308|313|317|322|323|329|339|341|346|347|352|353|359|
Slot 4:
2|3|5|6|7|8|12|19|20|24|31|33|34|41|42|45|47|48|54|63|66|67|73|76|78|86|87|88|92|97|98|99|101|105|107|108|109|110|113|114|117|118|119|123|124|125|126|129|130|140|144|145|146|151|153|157|160|161|162|163|164|165|167|169|174|177|178|184|185|187|189|193|197|199|201|202|203|204|206|217|218|221|222|225|235|236|242|243|244|249|252|253|254|256|257|261|263|264|265|269|272|273|274|276|277|279|282|284|285|286|290|292|297|298|300|301|304|307|308|313|317|322|323|329|339|341|346|347|352|353|359|
Slot 5:
6|17|20|33|38|39|43|49|60|65|75|83|86|91|92|93|95|103|112|124|137|139|140|146|153|156|159|166|172|174|180|181|182|200|203|204|209|211|217|222|224|225|227|231|232|243|244|247|248|265|270|272|288|295|297|302|303|305|314|321|322|324|325|327|331|337|350|355|
Slot 6:
3|13|16|21|22|27|29|34|38|39|42|43|48|49|50|53|55|57|65|66|67|70|73|84|88|90|91|92|97|99|100|102|106|109|111|124|126|128|133|135|140|147|149|151|153|154|155|159|161|166|172|173|178|181|183|185|189|191|193|195|196|203|207|209|211|214|216|220|221|225|228|229|234|237|239|250|251|254|264|272|273|274|278|280|281|282|285|289|290|291|292|294|295|304|307|313|315|316|320|322|331|333|335|338|350|352|356|357|359|
Slot 7:
3|13|16|21|22|27|29|34|38|39|42|43|48|49|50|53|55|57|65|66|67|70|73|84|88|90|91|92|97|99|100|102|106|109|111|124|126|128|133|135|140|147|149|151|153|154|155|159|161|166|172|173|178|181|183|185|189|191|193|195|196|203|207|209|211|214|216|220|221|225|228|229|234|237|239|250|251|254|264|272|273|274|278|280|281|282|285|289|290|291|292|294|295|304|307|313|315|316|320|322|331|333|335|338|350|352|356|357|359|
Slot 8:
3|13|16|21|22|27|29|34|38|39|42|43|48|49|50|53|55|57|65|66|67|70|73|84|88|90|91|92|97|99|100|102|106|109|111|124|126|128|133|135|140|147|149|151|153|154|155|159|161|166|172|173|178|181|183|185|189|191|193|195|196|203|207|209|211|214|216|220|221|225|228|229|234|237|239|250|251|254|264|272|273|274|278|280|281|282|285|289|290|291|292|294|295|304|307|313|315|316|320|322|331|333|335|338|350|352|356|357|359|
Slot 9:

Slot 10:

Shop Lot
Slot 1:

Slot 2:
2|5|8|9|13|21|22|26|32|35|36|50|53|56|58|61|66|73|74|75|81|92|99|103|104|107|113|124|135|137|141|142|143|149|153|156|157|159|161|165|167|168|181|186|190|192|197|198|213|216|219|223|224|230|235|237|244|257|263|271|272|273|279|286|287|288|294|296|297|298|304|307|311|317|318|319|320|322|326|327|330|337|338|340|344|355|357|
Slot 3:
17|77|198|248|251|327|
Slot 4:
17|77|198|248|251|327|
Slot 5:
4|7|9|11|12|14|19|22|23|24|30|32|35|37|40|44|46|55|62|68|70|71|78|85|110|111|115|117|123|126|128|132|142|144|145|147|149|151|160|161|177|187|191|193|230|235|240|249|252|254|257|258|259|271|277|278|282|290|294|310|319|320|333|339|343|
Slot 6:
200|218|223|241|317|
Slot 7:
200|218|223|241|317|
Slot 8:
200|218|223|241|317|
Slot 9:
6|14|20|21|24|26|30|43|44|45|46|49|55|59|64|67|68|74|75|84|88|93|95|97|102|104|110|116|121|126|133|163|167|185|186|188|191|202|205|207|210|212|228|229|235|236|238|247|251|256|262|265|283|285|289|291|292|294|298|300|302|303|304|305|307|308|311|320|329|330|331|332|334|343|346|348|349|352|353|354|
Slot 10:

Field
Slot 1:

Slot 2:

Slot 3:
27|30|195|224|
Slot 4:
27|30|195|224|
Slot 5:

Slot 6:
20|118|314|344|
Slot 7:
20|118|314|344|
Slot 8:
20|118|314|344|
Slot 9:

Slot 10:

Police Station
Slot 1:

Slot 2:

Slot 3:
22|56|82|170|239|241|319|
Slot 4:
22|56|82|170|239|241|319|
Slot 5:

Slot 6:
72|115|117|121|232|256|
Slot 7:
72|115|117|121|232|256|
Slot 8:
72|115|117|121|232|256|
Slot 9:

Slot 10:

Mosque
Slot 1:

Slot 2:

Slot 3:
11|36|53|106|220|318|326|354|
Slot 4:
11|36|53|106|220|318|326|354|
Slot 5:

Slot 6:
61|129|329|334|358|
Slot 7:
61|129|329|334|358|
Slot 8:
61|129|329|334|358|
Slot 9:

Slot 10:

Healthcare Centre
Slot 1:

Slot 2:

Slot 3:
37|52|58|111|135|147|
Slot 4:
37|52|58|111|135|147|
Slot 5:

Slot 6:
1|45|188|192|248|303|
Slot 7:
1|45|188|192|248|303|
Slot 8:
1|45|188|192|248|303|
Slot 9:

Slot 10:

Bank
Slot 1:

Slot 2:

Slot 3:
28|39|75|121|132|231|309|314|325|331|342|
Slot 4:
28|39|75|121|132|231|309|314|325|331|342|
Slot 5:

Slot 6:
139|144|167|180|182|212|301|328|332|346|
Slot 7:
139|144|167|180|182|212|301|328|332|346|
Slot 8:
139|144|167|180|182|212|301|328|332|346|
Slot 9:

Slot 10:

Market
Slot 1:

Slot 2:

Slot 3:
23|143|
Slot 4:
23|143|
Slot 5:

Slot 6:
9|14|86|142|157|308|330|353|
Slot 7:
9|14|86|142|157|308|330|353|
Slot 8:
9|14|86|142|157|308|330|353|
Slot 9:

Slot 10:


Jun 08, 2020 4:43:08 PM corona.PlaceLog activatePlaceLog
INFO: 
Flat
Slot 1:
17|18|19|20|21|22|23|24|25|26|27|28|52|53|80|81|82|83|84|85|103|104|105|110|111|112|113|114|115|125|126|136|137|138|139|140|145|146|147|148|149|150|151|152|155|194|195|196|197|214|215|216|217|218|219|225|226|227|228|229|230|237|243|244|259|260|261|262|263|264|272|273|274|329|330|331|332|333|334|346|347|348|349|350|351|352|353|354|355|
Slot 2:
19|20|21|24|26|27|28|80|81|84|110|115|126|137|138|145|146|147|148|151|152|155|196|214|216|225|228|229|230|243|244|262|264|272|274|330|331|332|346|347|351|353|355|
Slot 3:
19|20|21|23|26|28|52|80|82|84|103|105|112|114|126|136|146|149|155|194|218|219|226|261|263|273|332|350|355|
Slot 4:
19|20|21|23|26|28|52|80|82|84|103|105|112|114|126|136|146|149|155|194|218|219|226|261|263|273|332|350|355|
Slot 5:
17|18|23|24|27|28|52|80|81|83|105|110|113|125|145|147|148|149|151|152|155|194|195|196|215|217|219|225|226|227|228|229|230|243|262|273|330|331|346|348|351|355|
Slot 6:
17|19|20|23|24|25|26|52|53|81|82|83|103|104|105|111|125|126|145|146|194|196|219|227|229|230|237|259|263|272|330|331|332|334|348|349|351|
Slot 7:
17|19|20|23|24|25|26|52|53|81|82|83|103|104|105|111|125|126|145|146|194|196|219|227|229|230|237|259|263|272|330|331|332|334|348|349|351|
Slot 8:
17|19|20|23|24|25|26|52|53|81|82|83|103|104|105|111|125|126|145|146|194|196|219|227|229|230|237|259|263|272|330|331|332|334|348|349|351|
Slot 9:
20|23|26|27|28|52|53|81|83|103|105|110|112|126|137|139|140|145|147|151|155|194|195|214|226|227|230|237|244|259|261|263|264|274|330|331|334|346|347|350|354|355|
Slot 10:
17|18|19|20|21|22|23|24|25|26|27|28|52|53|80|81|82|83|84|85|103|104|105|110|111|112|113|114|115|125|126|136|137|138|139|140|145|146|147|148|149|150|151|152|155|194|195|196|197|214|215|216|217|218|219|225|226|227|228|229|230|237|243|244|259|260|261|262|263|264|272|273|274|329|330|331|332|333|334|346|347|348|349|350|351|352|353|354|355|
House A
Slot 1:
2|7|29|30|33|34|35|36|37|38|39|40|41|42|43|48|49|50|51|54|55|56|93|94|95|96|162|163|164|165|166|167|176|177|178|209|210|211|212|213|220|221|222|223|224|231|232|233|234|235|236|245|246|247|248|249|253|254|255|256|257|258|265|266|267|268|269|275|276|277|278|279|295|296|297|298|299|300|301|302|303|310|311|312|313|314|321|322|323|324|325|345|
Slot 2:
2|30|37|40|41|42|50|51|54|55|56|93|94|95|163|165|177|178|209|210|212|220|222|224|232|233|234|245|247|249|253|256|258|265|266|275|278|295|296|299|302|303|312|314|321|322|323|325|345|
Slot 3:
2|7|29|30|33|36|37|40|48|50|54|93|94|96|163|165|211|212|235|236|245|246|247|268|275|277|278|296|297|298|302|313|314|
Slot 4:
2|7|29|30|33|36|37|40|48|50|54|93|94|96|163|165|211|212|235|236|245|246|247|268|275|277|278|296|297|298|302|313|314|
Slot 5:
29|30|33|36|37|38|39|40|42|48|50|51|93|94|95|164|166|176|178|213|222|224|232|233|234|235|246|247|254|256|266|267|268|277|278|279|296|297|299|300|301|303|310|311|314|345|
Slot 6:
33|41|43|48|54|93|95|162|176|220|222|232|234|235|246|249|254|255|269|275|278|296|297|299|310|312|313|314|323|
Slot 7:
33|41|43|48|54|93|95|162|176|220|222|232|234|235|246|249|254|255|269|275|278|296|297|299|310|312|313|314|323|
Slot 8:
33|41|43|48|54|93|95|162|176|220|222|232|234|235|246|249|254|255|269|275|278|296|297|299|310|312|313|314|323|
Slot 9:
2|33|36|38|39|40|42|43|51|56|166|167|177|209|210|213|220|221|222|233|245|246|249|253|254|256|265|266|267|275|276|295|296|297|298|301|303|310|311|322|323|324|325|345|
Slot 10:
2|7|29|30|33|34|35|36|37|38|39|40|41|42|43|48|49|50|51|54|55|56|93|94|95|96|162|163|164|165|166|167|176|177|178|209|210|211|212|213|220|221|222|223|224|231|232|233|234|235|236|245|246|247|248|249|253|254|255|256|257|258|265|266|267|268|269|275|276|277|278|279|295|296|297|298|299|300|301|302|303|310|311|312|313|314|321|322|323|324|325|345|
House B
Slot 1:
1|13|14|15|16|31|32|47|57|58|64|65|66|67|68|69|72|73|74|75|76|77|78|79|86|87|88|89|90|91|92|97|98|99|100|101|102|120|121|122|123|124|132|133|134|135|171|172|173|174|175|179|180|181|182|183|188|189|190|191|192|193|238|239|240|241|242|250|251|252|280|281|282|283|284|285|286|308|309|315|316|317|318|319|320|326|327|328|341|342|343|344|359|
Slot 2:
1|14|15|16|31|47|58|67|68|69|73|74|75|77|79|97|98|99|100|121|123|133|173|174|175|181|188|189|190|192|239|240|242|250|251|280|281|283|285|315|316|320|326|341|342|
Slot 3:
13|57|65|67|68|72|74|79|87|89|90|97|101|102|135|174|182|183|191|193|240|242|251|283|285|308|315|317|319|320|326|
Slot 4:
13|57|65|67|68|72|74|79|87|89|90|97|101|102|135|174|182|183|191|193|240|242|251|283|285|308|315|317|319|320|326|
Slot 5:
15|32|57|66|72|73|74|76|79|88|89|90|92|97|100|102|122|123|132|172|174|175|179|182|183|189|190|192|240|242|250|280|281|283|308|315|317|318|319|341|342|343|
Slot 6:
16|32|58|69|75|76|87|89|91|99|100|101|120|121|134|171|181|238|242|250|251|286|309|316|317|318|359|
Slot 7:
16|32|58|69|75|76|87|89|91|99|100|101|120|121|134|171|181|238|242|250|251|286|309|316|317|318|359|
Slot 8:
16|32|58|69|75|76|87|89|91|99|100|101|120|121|134|171|181|238|242|250|251|286|309|316|317|318|359|
Slot 9:
16|32|47|68|69|73|77|78|79|87|88|89|90|91|100|102|120|121|122|123|132|134|135|171|179|181|189|190|191|193|239|240|241|242|251|252|280|282|285|286|309|315|316|317|318|320|326|327|341|342|343|344|359|
Slot 10:
1|13|14|15|16|31|32|47|57|58|64|65|66|67|68|69|72|73|74|75|76|77|78|79|86|87|88|89|90|91|92|97|98|99|100|101|102|120|121|122|123|124|132|133|134|135|171|172|173|174|175|179|180|181|182|183|188|189|190|191|192|193|238|239|240|241|242|250|251|252|280|281|282|283|284|285|286|308|309|315|316|317|318|319|320|326|327|328|341|342|343|344|359|
House C
Slot 1:
3|4|5|6|8|9|10|11|12|44|45|46|59|60|61|62|63|70|71|106|107|108|109|116|117|118|119|127|128|129|130|131|141|142|143|144|153|154|156|157|158|159|160|161|168|169|170|184|185|186|187|198|199|200|201|202|203|204|205|206|207|208|270|271|287|288|289|290|291|292|293|294|304|305|306|307|335|336|337|338|339|340|356|357|358|
Slot 2:
4|6|9|45|59|60|70|107|109|117|118|119|127|128|130|131|141|142|144|153|156|159|160|184|186|201|202|204|205|208|270|287|290|291|292|293|294|305|306|335|337|338|357|
Slot 3:
4|5|10|12|44|45|63|70|71|106|117|129|141|143|144|153|159|160|168|170|184|185|186|199|200|208|271|288|289|293|304|306|307|335|336|337|339|340|357|
Slot 4:
4|5|10|12|44|45|63|70|71|106|117|129|141|143|144|153|159|160|168|170|184|185|186|199|200|208|271|288|289|293|304|306|307|335|336|337|339|340|357|
Slot 5:
3|5|8|9|45|46|62|63|70|109|117|118|127|128|130|131|141|143|154|156|157|159|168|169|185|187|198|201|202|204|205|206|270|271|289|291|292|293|305|306|335|336|338|339|358|
Slot 6:
5|6|12|45|61|63|106|107|108|109|118|119|129|131|141|142|144|156|157|158|159|169|185|205|270|271|287|288|290|304|306|338|356|
Slot 7:
5|6|12|45|61|63|106|107|108|109|118|119|129|131|141|142|144|156|157|158|159|169|185|205|270|271|287|288|290|304|306|338|356|
Slot 8:
5|6|12|45|61|63|106|107|108|109|118|119|129|131|141|142|144|156|157|158|159|169|185|205|270|271|287|288|290|304|306|338|356|
Slot 9:
3|4|6|10|11|60|62|70|71|107|109|116|119|127|131|141|143|144|153|154|156|157|158|168|169|184|186|187|198|199|201|202|203|207|271|289|290|292|293|305|306|307|336|339|340|356|358|
Slot 10:
3|4|5|6|8|9|10|11|12|44|45|46|59|60|61|62|63|70|71|106|107|108|109|116|117|118|119|127|128|129|130|131|141|142|143|144|153|154|156|157|158|159|160|161|168|169|170|184|185|186|187|198|199|200|201|202|203|204|205|206|207|208|270|271|287|288|289|290|291|292|293|294|304|305|306|307|335|336|337|338|339|340|356|357|358|
Playground
Slot 1:

Slot 2:

Slot 3:
287|
Slot 4:
287|
Slot 5:

Slot 6:
15|50|55|68|70|175|253|283|293|303|353|
Slot 7:
15|50|55|68|70|175|253|283|293|303|353|
Slot 8:
15|50|55|68|70|175|253|283|293|303|353|
Slot 9:

Slot 10:

Bus Stop
Slot 1:

Slot 2:

Slot 3:
8|46|88|138|171|217|316|
Slot 4:
8|46|88|138|171|217|316|
Slot 5:

Slot 6:
65|84|114|140|180|188|195|212|247|298|329|
Slot 7:
65|84|114|140|180|188|195|212|247|298|329|
Slot 8:
65|84|114|140|180|188|195|212|247|298|329|
Slot 9:

Slot 10:

Train Station
Slot 1:

Slot 2:

Slot 3:
18|39|107|108|148|173|258|359|
Slot 4:
18|39|107|108|148|173|258|359|
Slot 5:

Slot 6:
3|182|186|199|210|258|294|
Slot 7:
3|182|186|199|210|258|294|
Slot 8:
3|182|186|199|210|258|294|
Slot 9:

Slot 10:

Petrol Station
Slot 1:

Slot 2:

Slot 3:
98|115|127|150|154|215|341|
Slot 4:
98|115|127|150|154|215|341|
Slot 5:

Slot 6:
1|110|136|160|174|201|207|217|265|335|336|
Slot 7:
1|110|136|160|174|201|207|217|265|335|336|
Slot 8:
1|110|136|160|174|201|207|217|265|335|336|
Slot 9:

Slot 10:

Primary School
Slot 1:
351|
Slot 2:
351|
Slot 3:
339|
Slot 4:
339|
Slot 5:
351|
Slot 6:
351|
Slot 7:
351|
Slot 8:
351|
Slot 9:
344|
Slot 10:
351|
Secondary School
Slot 1:
359|
Slot 2:
357|
Slot 3:
357|
Slot 4:
357|
Slot 5:
358|
Slot 6:
359|
Slot 7:
359|
Slot 8:
359|
Slot 9:
359|
Slot 10:
359|
Kindergarten
Slot 1:

Slot 2:

Slot 3:
116|139|140|178|213|230|234|250|348|352|
Slot 4:
116|139|140|178|213|230|234|250|348|352|
Slot 5:

Slot 6:
153|170|262|308|322|
Slot 7:
153|170|262|308|322|
Slot 8:
153|170|262|308|322|
Slot 9:

Slot 10:

Food Court
Slot 1:

Slot 2:
3|8|12|18|25|33|34|35|46|48|52|53|61|65|66|76|83|88|90|96|102|103|104|106|108|111|112|113|114|120|125|129|134|136|140|149|150|154|157|158|162|164|166|167|168|169|179|183|194|198|199|200|213|219|223|226|227|235|236|238|241|246|252|254|257|271|276|282|284|286|288|289|301|307|308|310|317|324|327|329|333|334|336|343|344|352|354|356|
Slot 3:
3|25|31|77|81|133|161|180|206|210|223|229|239|253|310|356|
Slot 4:
3|25|31|77|81|133|161|180|206|210|223|229|239|253|310|356|
Slot 5:
1|19|20|22|31|47|58|60|65|67|69|71|84|85|86|98|103|104|114|134|136|140|150|161|180|193|197|203|210|212|214|218|223|237|252|255|269|276|282|285|286|326|332|340|352|356|357|
Slot 6:
85|187|264|268|292|358|
Slot 7:
85|187|264|268|292|358|
Slot 8:
85|187|264|268|292|358|
Slot 9:
1|5|7|12|13|17|18|19|22|34|35|37|41|48|55|57|58|64|66|72|75|80|86|93|94|96|97|101|104|106|108|111|113|128|129|136|138|142|148|149|152|159|163|164|165|170|173|174|175|178|182|183|192|197|208|211|229|231|235|243|247|248|250|255|257|258|260|268|272|273|278|279|284|291|300|308|312|313|314|335|349|357|
Slot 10:

Mall
Slot 1:

Slot 2:

Slot 3:
1|6|9|11|16|17|22|24|27|34|38|41|42|43|47|49|51|53|55|56|59|60|61|64|66|69|76|83|85|86|92|95|99|100|104|110|111|118|120|121|122|124|125|130|131|132|137|147|152|156|157|158|162|164|167|169|172|175|177|179|181|187|188|189|190|192|195|196|197|201|202|204|207|209|216|220|221|222|224|225|227|228|231|233|237|238|241|243|244|248|252|255|256|257|259|260|262|265|266|267|270|272|274|276|279|284|290|291|292|294|300|301|303|305|311|318|321|322|323|325|327|328|331|333|334|342|346|349|351|353|354|358|
Slot 4:
1|6|9|11|16|17|22|24|27|34|38|41|42|43|47|49|51|53|55|56|59|60|61|64|66|69|76|83|85|86|92|95|99|100|104|110|111|118|120|121|122|124|125|130|131|132|137|147|152|156|157|158|162|164|167|169|172|175|177|179|181|187|188|189|190|192|195|196|197|201|202|204|207|209|216|220|221|222|224|225|227|228|231|233|237|238|241|243|244|248|252|255|256|257|259|260|262|265|266|267|270|272|274|276|279|284|290|291|292|294|300|301|303|305|311|318|321|322|323|325|327|328|331|333|334|342|346|349|351|353|354|358|
Slot 5:
4|7|11|12|16|21|34|41|43|44|49|53|55|61|64|68|78|87|91|96|101|106|111|116|119|121|124|126|133|135|137|138|139|142|146|153|158|162|163|167|171|173|177|186|208|221|231|241|248|249|251|253|257|259|263|272|274|275|287|288|294|298|304|312|316|321|322|323|325|327|328|329|333|337|344|347|350|354|359|
Slot 6:
2|4|7|9|10|11|13|14|18|21|22|29|31|34|35|36|37|39|40|42|49|51|56|57|59|60|62|64|71|73|79|86|88|90|92|97|98|102|112|113|115|117|122|123|124|127|132|133|137|138|143|147|148|149|151|152|154|161|164|165|167|168|172|177|178|183|184|190|192|198|200|202|203|204|206|211|213|214|215|221|223|224|231|233|236|239|241|243|244|245|248|252|256|260|266|273|279|281|282|284|289|291|295|300|302|305|307|311|319|320|321|324|325|326|327|328|337|339|340|342|345|346|347|354|355|357|
Slot 7:
2|4|7|9|10|11|13|14|18|21|22|29|31|34|35|36|37|39|40|42|49|51|56|57|59|60|62|64|71|73|79|86|88|90|92|97|98|102|112|113|115|117|122|123|124|127|132|133|137|138|143|147|148|149|151|152|154|161|164|165|167|168|172|177|178|183|184|190|192|198|200|202|203|204|206|211|213|214|215|221|223|224|231|233|236|239|241|243|244|245|248|252|256|260|266|273|279|281|282|284|289|291|295|300|302|305|307|311|319|320|321|324|325|326|327|328|337|339|340|342|345|346|347|354|355|357|
Slot 8:
2|4|7|9|10|11|13|14|18|21|22|29|31|34|35|36|37|39|40|42|49|51|56|57|59|60|62|64|71|73|79|86|88|90|92|97|98|102|112|113|115|117|122|123|124|127|132|133|137|138|143|147|148|149|151|152|154|161|164|165|167|168|172|177|178|183|184|190|192|198|200|202|203|204|206|211|213|214|215|221|223|224|231|233|236|239|241|243|244|245|248|252|256|260|266|273|279|281|282|284|289|291|295|300|302|305|307|311|319|320|321|324|325|326|327|328|337|339|340|342|345|346|347|354|355|357|
Slot 9:

Slot 10:

Shop Lot
Slot 1:

Slot 2:
5|7|10|11|13|17|22|23|29|32|36|38|39|43|44|49|57|62|63|64|71|72|78|82|85|86|87|89|91|92|101|105|116|122|124|132|135|139|143|161|170|171|172|176|180|182|185|187|191|193|195|197|203|206|207|211|215|217|218|221|231|237|248|255|259|260|261|263|267|268|269|273|277|279|297|298|300|304|309|311|313|318|319|328|339|340|348|349|350|358|359|
Slot 3:
73|75|78|269|338|345|
Slot 4:
73|75|78|269|338|345|
Slot 5:
2|6|10|13|14|25|26|35|54|56|59|75|77|82|99|107|108|112|115|120|129|144|160|165|170|181|184|188|191|199|200|207|209|211|216|220|236|238|239|244|245|258|260|261|264|265|284|290|295|302|307|309|313|320|324|334|349|353|
Slot 6:
38|67|116|128|197|218|261|
Slot 7:
38|67|116|128|197|218|261|
Slot 8:
38|67|116|128|197|218|261|
Slot 9:
8|9|14|15|21|24|25|29|30|31|44|45|46|49|50|54|59|61|63|65|67|74|76|82|84|85|92|95|98|99|114|115|117|118|124|125|130|133|146|150|160|161|162|172|176|180|185|188|196|200|204|205|206|212|215|216|217|218|219|223|224|225|228|232|234|236|238|262|269|270|277|281|283|287|288|294|299|302|304|319|321|328|329|332|333|337|338|348|351|352|353|
Slot 10:

Field
Slot 1:

Slot 2:

Slot 3:
330|
Slot 4:
330|
Slot 5:

Slot 6:
8|66|74|96|226|277|285|343|
Slot 7:
8|66|74|96|226|277|285|343|
Slot 8:
8|66|74|96|226|277|285|343|
Slot 9:

Slot 10:

Police Station
Slot 1:

Slot 2:

Slot 3:
32|151|205|280|329|
Slot 4:
32|151|205|280|329|
Slot 5:

Slot 6:
150|173|267|276|
Slot 7:
150|173|267|276|
Slot 8:
150|173|267|276|
Slot 9:

Slot 10:

Mosque
Slot 1:

Slot 2:

Slot 3:
14|91|166|203|254|286|309|324|347|
Slot 4:
14|91|166|203|254|286|309|324|347|
Slot 5:

Slot 6:
77|135|163|209|
Slot 7:
77|135|163|209|
Slot 8:
77|135|163|209|
Slot 9:

Slot 10:

Healthcare Centre
Slot 1:

Slot 2:

Slot 3:
35|62|142|145|198|232|264|312|
Slot 4:
35|62|142|145|198|232|264|312|
Slot 5:

Slot 6:
155|216|274|
Slot 7:
155|216|274|
Slot 8:
155|216|274|
Slot 9:

Slot 10:

Bank
Slot 1:

Slot 2:

Slot 3:
15|113|119|123|134|176|214|282|295|343|
Slot 4:
15|113|119|123|134|176|214|282|295|343|
Slot 5:

Slot 6:
27|30|139|189|225|240|315|
Slot 7:
27|30|139|189|225|240|315|
Slot 8:
27|30|139|189|225|240|315|
Slot 9:

Slot 10:

Market
Slot 1:

Slot 2:

Slot 3:
58|128|249|281|344|
Slot 4:
58|128|249|281|344|
Slot 5:

Slot 6:
28|47|80|94|166|179|228|257|280|333|341|344|350|352|
Slot 7:
28|47|80|94|166|179|228|257|280|333|341|344|350|352|
Slot 8:
28|47|80|94|166|179|228|257|280|333|341|344|350|352|
Slot 9:

Slot 10:


